{"numFailedTestSuites":21,"numFailedTests":21,"numPassedTestSuites":23,"numPassedTests":80,"numPendingTestSuites":0,"numPendingTests":0,"numRuntimeErrorTestSuites":0,"numTodoTests":0,"numTotalTestSuites":44,"numTotalTests":101,"openHandles":[],"snapshot":{"added":0,"didUpdate":false,"failure":false,"filesAdded":0,"filesRemoved":0,"filesRemovedList":[],"filesUnmatched":0,"filesUpdated":0,"matched":0,"total":0,"unchecked":0,"uncheckedKeysByFile":[],"unmatched":0,"updated":0},"startTime":1782822527668,"success":false,"testResults":[{"assertionResults":[{"ancestorTitles":["MaintenanceService"],"duration":54,"failing":false,"failureDetails":[{"type":"MaintenanceService","context":{"index":0,"dependencies":["MaintenanceConfigModel","ChecklistTemplateModel","ServiceScheduleModel","WeeklyChecklistModel","MaintenanceModel","VehiculeModel","UtilisateurModel"],"name":"MaintenanceConfigModel"},"metadata":{"id":"4202953076966fcff234c"},"moduleRef":{"id":"b7640d03bb42029530769"}}],"failureMessages":["Error: Nest can't resolve dependencies of the MaintenanceService (?, ChecklistTemplateModel, ServiceScheduleModel, WeeklyChecklistModel, MaintenanceModel, VehiculeModel, UtilisateurModel). Please make sure that the argument \"MaintenanceConfigModel\" at index [0] is available in the RootTestModule module.\n\nPotential solutions:\n- Is RootTestModule a valid NestJS module?\n- If \"MaintenanceConfigModel\" is a provider, is it part of the current RootTestModule?\n- If \"MaintenanceConfigModel\" is exported from a separate @Module, is that module imported within RootTestModule?\n  @Module({\n    imports: [ /* the Module containing \"MaintenanceConfigModel\" */ ]\n  })\n\nFor more common dependency resolution issues, see: https://docs.nestjs.com/faq/common-errors\n    at TestingInjector.lookupComponentInParentModules (/home/jonathan/Documents/App/ACF_vf/node_modules/@nestjs/core/injector/injector.js:300:19)\n    at processTicksAndRejections (node:internal/process/task_queues:104:5)\n    at TestingInjector.resolveComponentWrapper (/home/jonathan/Documents/App/ACF_vf/node_modules/@nestjs/testing/testing-injector.js:19:45)\n    at resolveParam (/home/jonathan/Documents/App/ACF_vf/node_modules/@nestjs/core/injector/injector.js:150:38)\n    at async Promise.all (index 0)\n    at TestingInjector.resolveConstructorParams (/home/jonathan/Documents/App/ACF_vf/node_modules/@nestjs/core/injector/injector.js:179:27)\n    at TestingInjector.loadInstance (/home/jonathan/Documents/App/ACF_vf/node_modules/@nestjs/core/injector/injector.js:77:13)\n    at TestingInjector.loadProvider (/home/jonathan/Documents/App/ACF_vf/node_modules/@nestjs/core/injector/injector.js:111:9)\n    at /home/jonathan/Documents/App/ACF_vf/node_modules/@nestjs/core/injector/instance-loader.js:56:13\n    at async Promise.all (index 3)\n    at TestingInstanceLoader.createInstancesOfProviders (/home/jonathan/Documents/App/ACF_vf/node_modules/@nestjs/core/injector/instance-loader.js:55:9)\n    at /home/jonathan/Documents/App/ACF_vf/node_modules/@nestjs/core/injector/instance-loader.js:40:13\n    at async Promise.all (index 1)\n    at TestingInstanceLoader.createInstances (/home/jonathan/Documents/App/ACF_vf/node_modules/@nestjs/core/injector/instance-loader.js:39:9)\n    at TestingInstanceLoader.createInstancesOfDependencies (/home/jonathan/Documents/App/ACF_vf/node_modules/@nestjs/core/injector/instance-loader.js:22:13)\n    at TestingInstanceLoader.createInstancesOfDependencies (/home/jonathan/Documents/App/ACF_vf/node_modules/@nestjs/testing/testing-instance-loader.js:9:9)\n    at TestingModuleBuilder.createInstancesOfDependencies (/home/jonathan/Documents/App/ACF_vf/node_modules/@nestjs/testing/testing-module.builder.js:119:9)\n    at TestingModuleBuilder.compile (/home/jonathan/Documents/App/ACF_vf/node_modules/@nestjs/testing/testing-module.builder.js:74:9)\n    at Object.<anonymous> (/home/jonathan/Documents/App/ACF_vf/backend-nest/src/maintenance/maintenance.service.spec.ts:8:35)"],"fullName":"MaintenanceService should be defined","invocations":1,"location":null,"numPassingAsserts":0,"retryReasons":[],"startAt":1782822530169,"status":"failed","title":"should be defined"}],"endTime":1782822530255,"message":"  ● MaintenanceService › should be defined\n\n    Nest can't resolve dependencies of the MaintenanceService (?, ChecklistTemplateModel, ServiceScheduleModel, WeeklyChecklistModel, MaintenanceModel, VehiculeModel, UtilisateurModel). Please make sure that the argument \"MaintenanceConfigModel\" at index [0] is available in the RootTestModule module.\n\n    Potential solutions:\n    - Is RootTestModule a valid NestJS module?\n    - If \"MaintenanceConfigModel\" is a provider, is it part of the current RootTestModule?\n    - If \"MaintenanceConfigModel\" is exported from a separate @Module, is that module imported within RootTestModule?\n      @Module({\n        imports: [ /* the Module containing \"MaintenanceConfigModel\" */ ]\n      })\n\n    For more common dependency resolution issues, see: https://docs.nestjs.com/faq/common-errors\n\n       6 |\n       7 |   beforeEach(async () => {\n    >  8 |     const module: TestingModule = await Test.createTestingModule({\n         |                                   ^\n       9 |       providers: [MaintenanceService],\n      10 |     }).compile();\n      11 |\n\n      at TestingInjector.lookupComponentInParentModules (../../node_modules/@nestjs/core/injector/injector.js:300:19)\n      at TestingInjector.resolveComponentWrapper (../../node_modules/@nestjs/testing/testing-injector.js:19:45)\n      at resolveParam (../../node_modules/@nestjs/core/injector/injector.js:150:38)\n          at async Promise.all (index 0)\n      at TestingInjector.resolveConstructorParams (../../node_modules/@nestjs/core/injector/injector.js:179:27)\n      at TestingInjector.loadInstance (../../node_modules/@nestjs/core/injector/injector.js:77:13)\n      at TestingInjector.loadProvider (../../node_modules/@nestjs/core/injector/injector.js:111:9)\n      at ../../node_modules/@nestjs/core/injector/instance-loader.js:56:13\n          at async Promise.all (index 3)\n      at TestingInstanceLoader.createInstancesOfProviders (../../node_modules/@nestjs/core/injector/instance-loader.js:55:9)\n      at ../../node_modules/@nestjs/core/injector/instance-loader.js:40:13\n          at async Promise.all (index 1)\n      at TestingInstanceLoader.createInstances (../../node_modules/@nestjs/core/injector/instance-loader.js:39:9)\n      at TestingInstanceLoader.createInstancesOfDependencies (../../node_modules/@nestjs/core/injector/instance-loader.js:22:13)\n      at TestingInstanceLoader.createInstancesOfDependencies (../../node_modules/@nestjs/testing/testing-instance-loader.js:9:9)\n      at TestingModuleBuilder.createInstancesOfDependencies (../../node_modules/@nestjs/testing/testing-module.builder.js:119:9)\n      at TestingModuleBuilder.compile (../../node_modules/@nestjs/testing/testing-module.builder.js:74:9)\n      at Object.<anonymous> (maintenance/maintenance.service.spec.ts:8:35)\n","name":"/home/jonathan/Documents/App/ACF_vf/backend-nest/src/maintenance/maintenance.service.spec.ts","startTime":1782822528460,"status":"failed","summary":""},{"assertionResults":[{"ancestorTitles":["WaiversController"],"duration":27,"failing":false,"failureDetails":[{"type":"WaiversController","context":{"index":0,"dependencies":[null]},"metadata":{"id":"f6beaea19db6501b8cefa"},"moduleRef":{"id":"d9f5c0e305f6beaea19db"}}],"failureMessages":["Error: Nest can't resolve dependencies of the WaiversController (?). Please make sure that the argument WaiversService at index [0] is available in the RootTestModule module.\n\nPotential solutions:\n- Is RootTestModule a valid NestJS module?\n- If WaiversService is a provider, is it part of the current RootTestModule?\n- If WaiversService is exported from a separate @Module, is that module imported within RootTestModule?\n  @Module({\n    imports: [ /* the Module containing WaiversService */ ]\n  })\n\nFor more common dependency resolution issues, see: https://docs.nestjs.com/faq/common-errors\n    at TestingInjector.lookupComponentInParentModules (/home/jonathan/Documents/App/ACF_vf/node_modules/@nestjs/core/injector/injector.js:300:19)\n    at processTicksAndRejections (node:internal/process/task_queues:104:5)\n    at TestingInjector.resolveComponentWrapper (/home/jonathan/Documents/App/ACF_vf/node_modules/@nestjs/testing/testing-injector.js:19:45)\n    at resolveParam (/home/jonathan/Documents/App/ACF_vf/node_modules/@nestjs/core/injector/injector.js:150:38)\n    at async Promise.all (index 0)\n    at TestingInjector.resolveConstructorParams (/home/jonathan/Documents/App/ACF_vf/node_modules/@nestjs/core/injector/injector.js:179:27)\n    at TestingInjector.loadInstance (/home/jonathan/Documents/App/ACF_vf/node_modules/@nestjs/core/injector/injector.js:77:13)\n    at TestingInjector.loadController (/home/jonathan/Documents/App/ACF_vf/node_modules/@nestjs/core/injector/injector.js:99:9)\n    at /home/jonathan/Documents/App/ACF_vf/node_modules/@nestjs/core/injector/instance-loader.js:68:13\n    at async Promise.all (index 0)\n    at TestingInstanceLoader.createInstancesOfControllers (/home/jonathan/Documents/App/ACF_vf/node_modules/@nestjs/core/injector/instance-loader.js:67:9)\n    at /home/jonathan/Documents/App/ACF_vf/node_modules/@nestjs/core/injector/instance-loader.js:42:13\n    at async Promise.all (index 1)\n    at TestingInstanceLoader.createInstances (/home/jonathan/Documents/App/ACF_vf/node_modules/@nestjs/core/injector/instance-loader.js:39:9)\n    at TestingInstanceLoader.createInstancesOfDependencies (/home/jonathan/Documents/App/ACF_vf/node_modules/@nestjs/core/injector/instance-loader.js:22:13)\n    at TestingInstanceLoader.createInstancesOfDependencies (/home/jonathan/Documents/App/ACF_vf/node_modules/@nestjs/testing/testing-instance-loader.js:9:9)\n    at TestingModuleBuilder.createInstancesOfDependencies (/home/jonathan/Documents/App/ACF_vf/node_modules/@nestjs/testing/testing-module.builder.js:119:9)\n    at TestingModuleBuilder.compile (/home/jonathan/Documents/App/ACF_vf/node_modules/@nestjs/testing/testing-module.builder.js:74:9)\n    at Object.<anonymous> (/home/jonathan/Documents/App/ACF_vf/backend-nest/src/waivers/waivers.controller.spec.ts:8:35)"],"fullName":"WaiversController should be defined","invocations":1,"location":null,"numPassingAsserts":0,"retryReasons":[],"startAt":1782822530386,"status":"failed","title":"should be defined"}],"endTime":1782822530439,"message":"  ● WaiversController › should be defined\n\n    Nest can't resolve dependencies of the WaiversController (?). Please make sure that the argument WaiversService at index [0] is available in the RootTestModule module.\n\n    Potential solutions:\n    - Is RootTestModule a valid NestJS module?\n    - If WaiversService is a provider, is it part of the current RootTestModule?\n    - If WaiversService is exported from a separate @Module, is that module imported within RootTestModule?\n      @Module({\n        imports: [ /* the Module containing WaiversService */ ]\n      })\n\n    For more common dependency resolution issues, see: https://docs.nestjs.com/faq/common-errors\n\n       6 |\n       7 |   beforeEach(async () => {\n    >  8 |     const module: TestingModule = await Test.createTestingModule({\n         |                                   ^\n       9 |       controllers: [WaiversController],\n      10 |     }).compile();\n      11 |\n\n      at TestingInjector.lookupComponentInParentModules (../../node_modules/@nestjs/core/injector/injector.js:300:19)\n      at TestingInjector.resolveComponentWrapper (../../node_modules/@nestjs/testing/testing-injector.js:19:45)\n      at resolveParam (../../node_modules/@nestjs/core/injector/injector.js:150:38)\n          at async Promise.all (index 0)\n      at TestingInjector.resolveConstructorParams (../../node_modules/@nestjs/core/injector/injector.js:179:27)\n      at TestingInjector.loadInstance (../../node_modules/@nestjs/core/injector/injector.js:77:13)\n      at TestingInjector.loadController (../../node_modules/@nestjs/core/injector/injector.js:99:9)\n      at ../../node_modules/@nestjs/core/injector/instance-loader.js:68:13\n          at async Promise.all (index 0)\n      at TestingInstanceLoader.createInstancesOfControllers (../../node_modules/@nestjs/core/injector/instance-loader.js:67:9)\n      at ../../node_modules/@nestjs/core/injector/instance-loader.js:42:13\n          at async Promise.all (index 1)\n      at TestingInstanceLoader.createInstances (../../node_modules/@nestjs/core/injector/instance-loader.js:39:9)\n      at TestingInstanceLoader.createInstancesOfDependencies (../../node_modules/@nestjs/core/injector/instance-loader.js:22:13)\n      at TestingInstanceLoader.createInstancesOfDependencies (../../node_modules/@nestjs/testing/testing-instance-loader.js:9:9)\n      at TestingModuleBuilder.createInstancesOfDependencies (../../node_modules/@nestjs/testing/testing-module.builder.js:119:9)\n      at TestingModuleBuilder.compile (../../node_modules/@nestjs/testing/testing-module.builder.js:74:9)\n      at Object.<anonymous> (waivers/waivers.controller.spec.ts:8:35)\n","name":"/home/jonathan/Documents/App/ACF_vf/backend-nest/src/waivers/waivers.controller.spec.ts","startTime":1782822528470,"status":"failed","summary":""},{"assertionResults":[{"ancestorTitles":["LogbookController"],"duration":31,"failing":false,"failureDetails":[{"type":"LogbookController","context":{"index":0,"dependencies":[null,null]},"metadata":{"id":"a225de1da7aa72a55252f"},"moduleRef":{"id":"c98f0ae954a225de1da7a"}}],"failureMessages":["Error: Nest can't resolve dependencies of the LogbookController (?, LogbookSyncService). Please make sure that the argument LogbookService at index [0] is available in the RootTestModule module.\n\nPotential solutions:\n- Is RootTestModule a valid NestJS module?\n- If LogbookService is a provider, is it part of the current RootTestModule?\n- If LogbookService is exported from a separate @Module, is that module imported within RootTestModule?\n  @Module({\n    imports: [ /* the Module containing LogbookService */ ]\n  })\n\nFor more common dependency resolution issues, see: https://docs.nestjs.com/faq/common-errors\n    at TestingInjector.lookupComponentInParentModules (/home/jonathan/Documents/App/ACF_vf/node_modules/@nestjs/core/injector/injector.js:300:19)\n    at processTicksAndRejections (node:internal/process/task_queues:104:5)\n    at TestingInjector.resolveComponentWrapper (/home/jonathan/Documents/App/ACF_vf/node_modules/@nestjs/testing/testing-injector.js:19:45)\n    at resolveParam (/home/jonathan/Documents/App/ACF_vf/node_modules/@nestjs/core/injector/injector.js:150:38)\n    at async Promise.all (index 0)\n    at TestingInjector.resolveConstructorParams (/home/jonathan/Documents/App/ACF_vf/node_modules/@nestjs/core/injector/injector.js:179:27)\n    at TestingInjector.loadInstance (/home/jonathan/Documents/App/ACF_vf/node_modules/@nestjs/core/injector/injector.js:77:13)\n    at TestingInjector.loadController (/home/jonathan/Documents/App/ACF_vf/node_modules/@nestjs/core/injector/injector.js:99:9)\n    at /home/jonathan/Documents/App/ACF_vf/node_modules/@nestjs/core/injector/instance-loader.js:68:13\n    at async Promise.all (index 0)\n    at TestingInstanceLoader.createInstancesOfControllers (/home/jonathan/Documents/App/ACF_vf/node_modules/@nestjs/core/injector/instance-loader.js:67:9)\n    at /home/jonathan/Documents/App/ACF_vf/node_modules/@nestjs/core/injector/instance-loader.js:42:13\n    at async Promise.all (index 1)\n    at TestingInstanceLoader.createInstances (/home/jonathan/Documents/App/ACF_vf/node_modules/@nestjs/core/injector/instance-loader.js:39:9)\n    at TestingInstanceLoader.createInstancesOfDependencies (/home/jonathan/Documents/App/ACF_vf/node_modules/@nestjs/core/injector/instance-loader.js:22:13)\n    at TestingInstanceLoader.createInstancesOfDependencies (/home/jonathan/Documents/App/ACF_vf/node_modules/@nestjs/testing/testing-instance-loader.js:9:9)\n    at TestingModuleBuilder.createInstancesOfDependencies (/home/jonathan/Documents/App/ACF_vf/node_modules/@nestjs/testing/testing-module.builder.js:119:9)\n    at TestingModuleBuilder.compile (/home/jonathan/Documents/App/ACF_vf/node_modules/@nestjs/testing/testing-module.builder.js:74:9)\n    at Object.<anonymous> (/home/jonathan/Documents/App/ACF_vf/backend-nest/src/logbook/logbook.controller.spec.ts:8:35)"],"fullName":"LogbookController should be defined","invocations":1,"location":null,"numPassingAsserts":0,"retryReasons":[],"startAt":1782822530514,"status":"failed","title":"should be defined"}],"endTime":1782822530593,"message":"  ● LogbookController › should be defined\n\n    Nest can't resolve dependencies of the LogbookController (?, LogbookSyncService). Please make sure that the argument LogbookService at index [0] is available in the RootTestModule module.\n\n    Potential solutions:\n    - Is RootTestModule a valid NestJS module?\n    - If LogbookService is a provider, is it part of the current RootTestModule?\n    - If LogbookService is exported from a separate @Module, is that module imported within RootTestModule?\n      @Module({\n        imports: [ /* the Module containing LogbookService */ ]\n      })\n\n    For more common dependency resolution issues, see: https://docs.nestjs.com/faq/common-errors\n\n       6 |\n       7 |   beforeEach(async () => {\n    >  8 |     const module: TestingModule = await Test.createTestingModule({\n         |                                   ^\n       9 |       controllers: [LogbookController],\n      10 |     }).compile();\n      11 |\n\n      at TestingInjector.lookupComponentInParentModules (../../node_modules/@nestjs/core/injector/injector.js:300:19)\n      at TestingInjector.resolveComponentWrapper (../../node_modules/@nestjs/testing/testing-injector.js:19:45)\n      at resolveParam (../../node_modules/@nestjs/core/injector/injector.js:150:38)\n          at async Promise.all (index 0)\n      at TestingInjector.resolveConstructorParams (../../node_modules/@nestjs/core/injector/injector.js:179:27)\n      at TestingInjector.loadInstance (../../node_modules/@nestjs/core/injector/injector.js:77:13)\n      at TestingInjector.loadController (../../node_modules/@nestjs/core/injector/injector.js:99:9)\n      at ../../node_modules/@nestjs/core/injector/instance-loader.js:68:13\n          at async Promise.all (index 0)\n      at TestingInstanceLoader.createInstancesOfControllers (../../node_modules/@nestjs/core/injector/instance-loader.js:67:9)\n      at ../../node_modules/@nestjs/core/injector/instance-loader.js:42:13\n          at async Promise.all (index 1)\n      at TestingInstanceLoader.createInstances (../../node_modules/@nestjs/core/injector/instance-loader.js:39:9)\n      at TestingInstanceLoader.createInstancesOfDependencies (../../node_modules/@nestjs/core/injector/instance-loader.js:22:13)\n      at TestingInstanceLoader.createInstancesOfDependencies (../../node_modules/@nestjs/testing/testing-instance-loader.js:9:9)\n      at TestingModuleBuilder.createInstancesOfDependencies (../../node_modules/@nestjs/testing/testing-module.builder.js:119:9)\n      at TestingModuleBuilder.compile (../../node_modules/@nestjs/testing/testing-module.builder.js:74:9)\n      at Object.<anonymous> (logbook/logbook.controller.spec.ts:8:35)\n","name":"/home/jonathan/Documents/App/ACF_vf/backend-nest/src/logbook/logbook.controller.spec.ts","startTime":1782822528410,"status":"failed","summary":""},{"assertionResults":[{"ancestorTitles":["WaiversService"],"duration":5,"failing":false,"failureDetails":[{"type":"WaiversService","context":{"index":0,"dependencies":["WaiverModel",null],"name":"WaiverModel"},"metadata":{"id":"6bd08e91eaab28922fcfb"},"moduleRef":{"id":"53cf4798e16bd08e91eaa"}}],"failureMessages":["Error: Nest can't resolve dependencies of the WaiversService (?, UploadsService). Please make sure that the argument \"WaiverModel\" at index [0] is available in the RootTestModule module.\n\nPotential solutions:\n- Is RootTestModule a valid NestJS module?\n- If \"WaiverModel\" is a provider, is it part of the current RootTestModule?\n- If \"WaiverModel\" is exported from a separate @Module, is that module imported within RootTestModule?\n  @Module({\n    imports: [ /* the Module containing \"WaiverModel\" */ ]\n  })\n\nFor more common dependency resolution issues, see: https://docs.nestjs.com/faq/common-errors\n    at TestingInjector.lookupComponentInParentModules (/home/jonathan/Documents/App/ACF_vf/node_modules/@nestjs/core/injector/injector.js:300:19)\n    at processTicksAndRejections (node:internal/process/task_queues:104:5)\n    at TestingInjector.resolveComponentWrapper (/home/jonathan/Documents/App/ACF_vf/node_modules/@nestjs/testing/testing-injector.js:19:45)\n    at resolveParam (/home/jonathan/Documents/App/ACF_vf/node_modules/@nestjs/core/injector/injector.js:150:38)\n    at async Promise.all (index 0)\n    at TestingInjector.resolveConstructorParams (/home/jonathan/Documents/App/ACF_vf/node_modules/@nestjs/core/injector/injector.js:179:27)\n    at TestingInjector.loadInstance (/home/jonathan/Documents/App/ACF_vf/node_modules/@nestjs/core/injector/injector.js:77:13)\n    at TestingInjector.loadProvider (/home/jonathan/Documents/App/ACF_vf/node_modules/@nestjs/core/injector/injector.js:111:9)\n    at /home/jonathan/Documents/App/ACF_vf/node_modules/@nestjs/core/injector/instance-loader.js:56:13\n    at async Promise.all (index 3)\n    at TestingInstanceLoader.createInstancesOfProviders (/home/jonathan/Documents/App/ACF_vf/node_modules/@nestjs/core/injector/instance-loader.js:55:9)\n    at /home/jonathan/Documents/App/ACF_vf/node_modules/@nestjs/core/injector/instance-loader.js:40:13\n    at async Promise.all (index 1)\n    at TestingInstanceLoader.createInstances (/home/jonathan/Documents/App/ACF_vf/node_modules/@nestjs/core/injector/instance-loader.js:39:9)\n    at TestingInstanceLoader.createInstancesOfDependencies (/home/jonathan/Documents/App/ACF_vf/node_modules/@nestjs/core/injector/instance-loader.js:22:13)\n    at TestingInstanceLoader.createInstancesOfDependencies (/home/jonathan/Documents/App/ACF_vf/node_modules/@nestjs/testing/testing-instance-loader.js:9:9)\n    at TestingModuleBuilder.createInstancesOfDependencies (/home/jonathan/Documents/App/ACF_vf/node_modules/@nestjs/testing/testing-module.builder.js:119:9)\n    at TestingModuleBuilder.compile (/home/jonathan/Documents/App/ACF_vf/node_modules/@nestjs/testing/testing-module.builder.js:74:9)\n    at Object.<anonymous> (/home/jonathan/Documents/App/ACF_vf/backend-nest/src/waivers/waivers.service.spec.ts:8:35)"],"fullName":"WaiversService should be defined","invocations":1,"location":null,"numPassingAsserts":0,"retryReasons":[],"startAt":1782822530722,"status":"failed","title":"should be defined"}],"endTime":1782822530732,"message":"  ● WaiversService › should be defined\n\n    Nest can't resolve dependencies of the WaiversService (?, UploadsService). Please make sure that the argument \"WaiverModel\" at index [0] is available in the RootTestModule module.\n\n    Potential solutions:\n    - Is RootTestModule a valid NestJS module?\n    - If \"WaiverModel\" is a provider, is it part of the current RootTestModule?\n    - If \"WaiverModel\" is exported from a separate @Module, is that module imported within RootTestModule?\n      @Module({\n        imports: [ /* the Module containing \"WaiverModel\" */ ]\n      })\n\n    For more common dependency resolution issues, see: https://docs.nestjs.com/faq/common-errors\n\n       6 |\n       7 |   beforeEach(async () => {\n    >  8 |     const module: TestingModule = await Test.createTestingModule({\n         |                                   ^\n       9 |       providers: [WaiversService],\n      10 |     }).compile();\n      11 |\n\n      at TestingInjector.lookupComponentInParentModules (../../node_modules/@nestjs/core/injector/injector.js:300:19)\n      at TestingInjector.resolveComponentWrapper (../../node_modules/@nestjs/testing/testing-injector.js:19:45)\n      at resolveParam (../../node_modules/@nestjs/core/injector/injector.js:150:38)\n          at async Promise.all (index 0)\n      at TestingInjector.resolveConstructorParams (../../node_modules/@nestjs/core/injector/injector.js:179:27)\n      at TestingInjector.loadInstance (../../node_modules/@nestjs/core/injector/injector.js:77:13)\n      at TestingInjector.loadProvider (../../node_modules/@nestjs/core/injector/injector.js:111:9)\n      at ../../node_modules/@nestjs/core/injector/instance-loader.js:56:13\n          at async Promise.all (index 3)\n      at TestingInstanceLoader.createInstancesOfProviders (../../node_modules/@nestjs/core/injector/instance-loader.js:55:9)\n      at ../../node_modules/@nestjs/core/injector/instance-loader.js:40:13\n          at async Promise.all (index 1)\n      at TestingInstanceLoader.createInstances (../../node_modules/@nestjs/core/injector/instance-loader.js:39:9)\n      at TestingInstanceLoader.createInstancesOfDependencies (../../node_modules/@nestjs/core/injector/instance-loader.js:22:13)\n      at TestingInstanceLoader.createInstancesOfDependencies (../../node_modules/@nestjs/testing/testing-instance-loader.js:9:9)\n      at TestingModuleBuilder.createInstancesOfDependencies (../../node_modules/@nestjs/testing/testing-module.builder.js:119:9)\n      at TestingModuleBuilder.compile (../../node_modules/@nestjs/testing/testing-module.builder.js:74:9)\n      at Object.<anonymous> (waivers/waivers.service.spec.ts:8:35)\n","name":"/home/jonathan/Documents/App/ACF_vf/backend-nest/src/waivers/waivers.service.spec.ts","startTime":1782822530277,"status":"failed","summary":""},{"assertionResults":[{"ancestorTitles":["PaysService"],"duration":13,"failing":false,"failureDetails":[{"type":"PaysService","context":{"index":0,"dependencies":["PaysModel"],"name":"PaysModel"},"metadata":{"id":"3aef9e634180dcc4e4e2b"},"moduleRef":{"id":"e6ec1c4d993aef9e63418"}}],"failureMessages":["Error: Nest can't resolve dependencies of the PaysService (?). Please make sure that the argument \"PaysModel\" at index [0] is available in the RootTestModule module.\n\nPotential solutions:\n- Is RootTestModule a valid NestJS module?\n- If \"PaysModel\" is a provider, is it part of the current RootTestModule?\n- If \"PaysModel\" is exported from a separate @Module, is that module imported within RootTestModule?\n  @Module({\n    imports: [ /* the Module containing \"PaysModel\" */ ]\n  })\n\nFor more common dependency resolution issues, see: https://docs.nestjs.com/faq/common-errors\n    at TestingInjector.lookupComponentInParentModules (/home/jonathan/Documents/App/ACF_vf/node_modules/@nestjs/core/injector/injector.js:300:19)\n    at processTicksAndRejections (node:internal/process/task_queues:104:5)\n    at TestingInjector.resolveComponentWrapper (/home/jonathan/Documents/App/ACF_vf/node_modules/@nestjs/testing/testing-injector.js:19:45)\n    at resolveParam (/home/jonathan/Documents/App/ACF_vf/node_modules/@nestjs/core/injector/injector.js:150:38)\n    at async Promise.all (index 0)\n    at TestingInjector.resolveConstructorParams (/home/jonathan/Documents/App/ACF_vf/node_modules/@nestjs/core/injector/injector.js:179:27)\n    at TestingInjector.loadInstance (/home/jonathan/Documents/App/ACF_vf/node_modules/@nestjs/core/injector/injector.js:77:13)\n    at TestingInjector.loadProvider (/home/jonathan/Documents/App/ACF_vf/node_modules/@nestjs/core/injector/injector.js:111:9)\n    at /home/jonathan/Documents/App/ACF_vf/node_modules/@nestjs/core/injector/instance-loader.js:56:13\n    at async Promise.all (index 3)\n    at TestingInstanceLoader.createInstancesOfProviders (/home/jonathan/Documents/App/ACF_vf/node_modules/@nestjs/core/injector/instance-loader.js:55:9)\n    at /home/jonathan/Documents/App/ACF_vf/node_modules/@nestjs/core/injector/instance-loader.js:40:13\n    at async Promise.all (index 1)\n    at TestingInstanceLoader.createInstances (/home/jonathan/Documents/App/ACF_vf/node_modules/@nestjs/core/injector/instance-loader.js:39:9)\n    at TestingInstanceLoader.createInstancesOfDependencies (/home/jonathan/Documents/App/ACF_vf/node_modules/@nestjs/core/injector/instance-loader.js:22:13)\n    at TestingInstanceLoader.createInstancesOfDependencies (/home/jonathan/Documents/App/ACF_vf/node_modules/@nestjs/testing/testing-instance-loader.js:9:9)\n    at TestingModuleBuilder.createInstancesOfDependencies (/home/jonathan/Documents/App/ACF_vf/node_modules/@nestjs/testing/testing-module.builder.js:119:9)\n    at TestingModuleBuilder.compile (/home/jonathan/Documents/App/ACF_vf/node_modules/@nestjs/testing/testing-module.builder.js:74:9)\n    at Object.<anonymous> (/home/jonathan/Documents/App/ACF_vf/backend-nest/src/pays/pays.service.spec.ts:8:35)"],"fullName":"PaysService should be defined","invocations":1,"location":null,"numPassingAsserts":0,"retryReasons":[],"startAt":1782822531131,"status":"failed","title":"should be defined"}],"endTime":1782822531159,"message":"  ● PaysService › should be defined\n\n    Nest can't resolve dependencies of the PaysService (?). Please make sure that the argument \"PaysModel\" at index [0] is available in the RootTestModule module.\n\n    Potential solutions:\n    - Is RootTestModule a valid NestJS module?\n    - If \"PaysModel\" is a provider, is it part of the current RootTestModule?\n    - If \"PaysModel\" is exported from a separate @Module, is that module imported within RootTestModule?\n      @Module({\n        imports: [ /* the Module containing \"PaysModel\" */ ]\n      })\n\n    For more common dependency resolution issues, see: https://docs.nestjs.com/faq/common-errors\n\n       6 |\n       7 |   beforeEach(async () => {\n    >  8 |     const module: TestingModule = await Test.createTestingModule({\n         |                                   ^\n       9 |       providers: [PaysService],\n      10 |     }).compile();\n      11 |\n\n      at TestingInjector.lookupComponentInParentModules (../../node_modules/@nestjs/core/injector/injector.js:300:19)\n      at TestingInjector.resolveComponentWrapper (../../node_modules/@nestjs/testing/testing-injector.js:19:45)\n      at resolveParam (../../node_modules/@nestjs/core/injector/injector.js:150:38)\n          at async Promise.all (index 0)\n      at TestingInjector.resolveConstructorParams (../../node_modules/@nestjs/core/injector/injector.js:179:27)\n      at TestingInjector.loadInstance (../../node_modules/@nestjs/core/injector/injector.js:77:13)\n      at TestingInjector.loadProvider (../../node_modules/@nestjs/core/injector/injector.js:111:9)\n      at ../../node_modules/@nestjs/core/injector/instance-loader.js:56:13\n          at async Promise.all (index 3)\n      at TestingInstanceLoader.createInstancesOfProviders (../../node_modules/@nestjs/core/injector/instance-loader.js:55:9)\n      at ../../node_modules/@nestjs/core/injector/instance-loader.js:40:13\n          at async Promise.all (index 1)\n      at TestingInstanceLoader.createInstances (../../node_modules/@nestjs/core/injector/instance-loader.js:39:9)\n      at TestingInstanceLoader.createInstancesOfDependencies (../../node_modules/@nestjs/core/injector/instance-loader.js:22:13)\n      at TestingInstanceLoader.createInstancesOfDependencies (../../node_modules/@nestjs/testing/testing-instance-loader.js:9:9)\n      at TestingModuleBuilder.createInstancesOfDependencies (../../node_modules/@nestjs/testing/testing-module.builder.js:119:9)\n      at TestingModuleBuilder.compile (../../node_modules/@nestjs/testing/testing-module.builder.js:74:9)\n      at Object.<anonymous> (pays/pays.service.spec.ts:8:35)\n","name":"/home/jonathan/Documents/App/ACF_vf/backend-nest/src/pays/pays.service.spec.ts","startTime":1782822530753,"status":"failed","summary":""},{"assertionResults":[{"ancestorTitles":["MouvementsService"],"duration":6,"failing":false,"failureDetails":[{"type":"MouvementsService","context":{"index":0,"dependencies":["MouvementModel","LieuModel","UtilisateurModel",null,null,null],"name":"MouvementModel"},"metadata":{"id":"dc96496d93a41964ab2eb"},"moduleRef":{"id":"5de0074b2fdc96496d93a"}}],"failureMessages":["Error: Nest can't resolve dependencies of the MouvementsService (?, LieuModel, UtilisateurModel, MouvementsConflictService, MouvementsSecurityService, MailService). Please make sure that the argument \"MouvementModel\" at index [0] is available in the RootTestModule module.\n\nPotential solutions:\n- Is RootTestModule a valid NestJS module?\n- If \"MouvementModel\" is a provider, is it part of the current RootTestModule?\n- If \"MouvementModel\" is exported from a separate @Module, is that module imported within RootTestModule?\n  @Module({\n    imports: [ /* the Module containing \"MouvementModel\" */ ]\n  })\n\nFor more common dependency resolution issues, see: https://docs.nestjs.com/faq/common-errors\n    at TestingInjector.lookupComponentInParentModules (/home/jonathan/Documents/App/ACF_vf/node_modules/@nestjs/core/injector/injector.js:300:19)\n    at processTicksAndRejections (node:internal/process/task_queues:104:5)\n    at TestingInjector.resolveComponentWrapper (/home/jonathan/Documents/App/ACF_vf/node_modules/@nestjs/testing/testing-injector.js:19:45)\n    at resolveParam (/home/jonathan/Documents/App/ACF_vf/node_modules/@nestjs/core/injector/injector.js:150:38)\n    at async Promise.all (index 0)\n    at TestingInjector.resolveConstructorParams (/home/jonathan/Documents/App/ACF_vf/node_modules/@nestjs/core/injector/injector.js:179:27)\n    at TestingInjector.loadInstance (/home/jonathan/Documents/App/ACF_vf/node_modules/@nestjs/core/injector/injector.js:77:13)\n    at TestingInjector.loadProvider (/home/jonathan/Documents/App/ACF_vf/node_modules/@nestjs/core/injector/injector.js:111:9)\n    at /home/jonathan/Documents/App/ACF_vf/node_modules/@nestjs/core/injector/instance-loader.js:56:13\n    at async Promise.all (index 3)\n    at TestingInstanceLoader.createInstancesOfProviders (/home/jonathan/Documents/App/ACF_vf/node_modules/@nestjs/core/injector/instance-loader.js:55:9)\n    at /home/jonathan/Documents/App/ACF_vf/node_modules/@nestjs/core/injector/instance-loader.js:40:13\n    at async Promise.all (index 1)\n    at TestingInstanceLoader.createInstances (/home/jonathan/Documents/App/ACF_vf/node_modules/@nestjs/core/injector/instance-loader.js:39:9)\n    at TestingInstanceLoader.createInstancesOfDependencies (/home/jonathan/Documents/App/ACF_vf/node_modules/@nestjs/core/injector/instance-loader.js:22:13)\n    at TestingInstanceLoader.createInstancesOfDependencies (/home/jonathan/Documents/App/ACF_vf/node_modules/@nestjs/testing/testing-instance-loader.js:9:9)\n    at TestingModuleBuilder.createInstancesOfDependencies (/home/jonathan/Documents/App/ACF_vf/node_modules/@nestjs/testing/testing-module.builder.js:119:9)\n    at TestingModuleBuilder.compile (/home/jonathan/Documents/App/ACF_vf/node_modules/@nestjs/testing/testing-module.builder.js:74:9)\n    at Object.<anonymous> (/home/jonathan/Documents/App/ACF_vf/backend-nest/src/mouvements/mouvements.service.spec.ts:8:35)"],"fullName":"MouvementsService should be defined","invocations":1,"location":null,"numPassingAsserts":0,"retryReasons":[],"startAt":1782822531173,"status":"failed","title":"should be defined"}],"endTime":1782822531185,"message":"  ● MouvementsService › should be defined\n\n    Nest can't resolve dependencies of the MouvementsService (?, LieuModel, UtilisateurModel, MouvementsConflictService, MouvementsSecurityService, MailService). Please make sure that the argument \"MouvementModel\" at index [0] is available in the RootTestModule module.\n\n    Potential solutions:\n    - Is RootTestModule a valid NestJS module?\n    - If \"MouvementModel\" is a provider, is it part of the current RootTestModule?\n    - If \"MouvementModel\" is exported from a separate @Module, is that module imported within RootTestModule?\n      @Module({\n        imports: [ /* the Module containing \"MouvementModel\" */ ]\n      })\n\n    For more common dependency resolution issues, see: https://docs.nestjs.com/faq/common-errors\n\n       6 |\n       7 |   beforeEach(async () => {\n    >  8 |     const module: TestingModule = await Test.createTestingModule({\n         |                                   ^\n       9 |       providers: [MouvementsService],\n      10 |     }).compile();\n      11 |\n\n      at TestingInjector.lookupComponentInParentModules (../../node_modules/@nestjs/core/injector/injector.js:300:19)\n      at TestingInjector.resolveComponentWrapper (../../node_modules/@nestjs/testing/testing-injector.js:19:45)\n      at resolveParam (../../node_modules/@nestjs/core/injector/injector.js:150:38)\n          at async Promise.all (index 0)\n      at TestingInjector.resolveConstructorParams (../../node_modules/@nestjs/core/injector/injector.js:179:27)\n      at TestingInjector.loadInstance (../../node_modules/@nestjs/core/injector/injector.js:77:13)\n      at TestingInjector.loadProvider (../../node_modules/@nestjs/core/injector/injector.js:111:9)\n      at ../../node_modules/@nestjs/core/injector/instance-loader.js:56:13\n          at async Promise.all (index 3)\n      at TestingInstanceLoader.createInstancesOfProviders (../../node_modules/@nestjs/core/injector/instance-loader.js:55:9)\n      at ../../node_modules/@nestjs/core/injector/instance-loader.js:40:13\n          at async Promise.all (index 1)\n      at TestingInstanceLoader.createInstances (../../node_modules/@nestjs/core/injector/instance-loader.js:39:9)\n      at TestingInstanceLoader.createInstancesOfDependencies (../../node_modules/@nestjs/core/injector/instance-loader.js:22:13)\n      at TestingInstanceLoader.createInstancesOfDependencies (../../node_modules/@nestjs/testing/testing-instance-loader.js:9:9)\n      at TestingModuleBuilder.createInstancesOfDependencies (../../node_modules/@nestjs/testing/testing-module.builder.js:119:9)\n      at TestingModuleBuilder.compile (../../node_modules/@nestjs/testing/testing-module.builder.js:74:9)\n      at Object.<anonymous> (mouvements/mouvements.service.spec.ts:8:35)\n","name":"/home/jonathan/Documents/App/ACF_vf/backend-nest/src/mouvements/mouvements.service.spec.ts","startTime":1782822530465,"status":"failed","summary":""},{"assertionResults":[{"ancestorTitles":["AuthService"],"duration":5,"failing":false,"failureDetails":[{"type":"AuthService","context":{"index":0,"dependencies":[null,null,null]},"metadata":{"id":"ba947526e675f4fe3b7de"},"moduleRef":{"id":"9f465d2c73ba947526e67"}}],"failureMessages":["Error: Nest can't resolve dependencies of the AuthService (?, JwtService, AuditLogsService). Please make sure that the argument UsersService at index [0] is available in the RootTestModule module.\n\nPotential solutions:\n- Is RootTestModule a valid NestJS module?\n- If UsersService is a provider, is it part of the current RootTestModule?\n- If UsersService is exported from a separate @Module, is that module imported within RootTestModule?\n  @Module({\n    imports: [ /* the Module containing UsersService */ ]\n  })\n\nFor more common dependency resolution issues, see: https://docs.nestjs.com/faq/common-errors\n    at TestingInjector.lookupComponentInParentModules (/home/jonathan/Documents/App/ACF_vf/node_modules/@nestjs/core/injector/injector.js:300:19)\n    at processTicksAndRejections (node:internal/process/task_queues:104:5)\n    at TestingInjector.resolveComponentWrapper (/home/jonathan/Documents/App/ACF_vf/node_modules/@nestjs/testing/testing-injector.js:19:45)\n    at resolveParam (/home/jonathan/Documents/App/ACF_vf/node_modules/@nestjs/core/injector/injector.js:150:38)\n    at async Promise.all (index 0)\n    at TestingInjector.resolveConstructorParams (/home/jonathan/Documents/App/ACF_vf/node_modules/@nestjs/core/injector/injector.js:179:27)\n    at TestingInjector.loadInstance (/home/jonathan/Documents/App/ACF_vf/node_modules/@nestjs/core/injector/injector.js:77:13)\n    at TestingInjector.loadProvider (/home/jonathan/Documents/App/ACF_vf/node_modules/@nestjs/core/injector/injector.js:111:9)\n    at /home/jonathan/Documents/App/ACF_vf/node_modules/@nestjs/core/injector/instance-loader.js:56:13\n    at async Promise.all (index 3)\n    at TestingInstanceLoader.createInstancesOfProviders (/home/jonathan/Documents/App/ACF_vf/node_modules/@nestjs/core/injector/instance-loader.js:55:9)\n    at /home/jonathan/Documents/App/ACF_vf/node_modules/@nestjs/core/injector/instance-loader.js:40:13\n    at async Promise.all (index 1)\n    at TestingInstanceLoader.createInstances (/home/jonathan/Documents/App/ACF_vf/node_modules/@nestjs/core/injector/instance-loader.js:39:9)\n    at TestingInstanceLoader.createInstancesOfDependencies (/home/jonathan/Documents/App/ACF_vf/node_modules/@nestjs/core/injector/instance-loader.js:22:13)\n    at TestingInstanceLoader.createInstancesOfDependencies (/home/jonathan/Documents/App/ACF_vf/node_modules/@nestjs/testing/testing-instance-loader.js:9:9)\n    at TestingModuleBuilder.createInstancesOfDependencies (/home/jonathan/Documents/App/ACF_vf/node_modules/@nestjs/testing/testing-module.builder.js:119:9)\n    at TestingModuleBuilder.compile (/home/jonathan/Documents/App/ACF_vf/node_modules/@nestjs/testing/testing-module.builder.js:74:9)\n    at Object.<anonymous> (/home/jonathan/Documents/App/ACF_vf/backend-nest/src/auth/auth.service.spec.ts:8:35)"],"fullName":"AuthService should be defined","invocations":1,"location":null,"numPassingAsserts":0,"retryReasons":[],"startAt":1782822531175,"status":"failed","title":"should be defined"}],"endTime":1782822531186,"message":"  ● AuthService › should be defined\n\n    Nest can't resolve dependencies of the AuthService (?, JwtService, AuditLogsService). Please make sure that the argument UsersService at index [0] is available in the RootTestModule module.\n\n    Potential solutions:\n    - Is RootTestModule a valid NestJS module?\n    - If UsersService is a provider, is it part of the current RootTestModule?\n    - If UsersService is exported from a separate @Module, is that module imported within RootTestModule?\n      @Module({\n        imports: [ /* the Module containing UsersService */ ]\n      })\n\n    For more common dependency resolution issues, see: https://docs.nestjs.com/faq/common-errors\n\n       6 |\n       7 |   beforeEach(async () => {\n    >  8 |     const module: TestingModule = await Test.createTestingModule({\n         |                                   ^\n       9 |       providers: [AuthService],\n      10 |     }).compile();\n      11 |\n\n      at TestingInjector.lookupComponentInParentModules (../../node_modules/@nestjs/core/injector/injector.js:300:19)\n      at TestingInjector.resolveComponentWrapper (../../node_modules/@nestjs/testing/testing-injector.js:19:45)\n      at resolveParam (../../node_modules/@nestjs/core/injector/injector.js:150:38)\n          at async Promise.all (index 0)\n      at TestingInjector.resolveConstructorParams (../../node_modules/@nestjs/core/injector/injector.js:179:27)\n      at TestingInjector.loadInstance (../../node_modules/@nestjs/core/injector/injector.js:77:13)\n      at TestingInjector.loadProvider (../../node_modules/@nestjs/core/injector/injector.js:111:9)\n      at ../../node_modules/@nestjs/core/injector/instance-loader.js:56:13\n          at async Promise.all (index 3)\n      at TestingInstanceLoader.createInstancesOfProviders (../../node_modules/@nestjs/core/injector/instance-loader.js:55:9)\n      at ../../node_modules/@nestjs/core/injector/instance-loader.js:40:13\n          at async Promise.all (index 1)\n      at TestingInstanceLoader.createInstances (../../node_modules/@nestjs/core/injector/instance-loader.js:39:9)\n      at TestingInstanceLoader.createInstancesOfDependencies (../../node_modules/@nestjs/core/injector/instance-loader.js:22:13)\n      at TestingInstanceLoader.createInstancesOfDependencies (../../node_modules/@nestjs/testing/testing-instance-loader.js:9:9)\n      at TestingModuleBuilder.createInstancesOfDependencies (../../node_modules/@nestjs/testing/testing-module.builder.js:119:9)\n      at TestingModuleBuilder.compile (../../node_modules/@nestjs/testing/testing-module.builder.js:74:9)\n      at Object.<anonymous> (auth/auth.service.spec.ts:8:35)\n","name":"/home/jonathan/Documents/App/ACF_vf/backend-nest/src/auth/auth.service.spec.ts","startTime":1782822530633,"status":"failed","summary":""},{"assertionResults":[{"ancestorTitles":["LogbookService"],"duration":8,"failing":false,"failureDetails":[{"type":"LogbookService","context":{"index":0,"dependencies":["FuelModel","IncidentModel","MouvementModel","UtilisateurModel","MaintenanceModel"],"name":"FuelModel"},"metadata":{"id":"122892e4f537f4383ae31"},"moduleRef":{"id":"1f0052258c122892e4f53"}}],"failureMessages":["Error: Nest can't resolve dependencies of the LogbookService (?, IncidentModel, MouvementModel, UtilisateurModel, MaintenanceModel). Please make sure that the argument \"FuelModel\" at index [0] is available in the RootTestModule module.\n\nPotential solutions:\n- Is RootTestModule a valid NestJS module?\n- If \"FuelModel\" is a provider, is it part of the current RootTestModule?\n- If \"FuelModel\" is exported from a separate @Module, is that module imported within RootTestModule?\n  @Module({\n    imports: [ /* the Module containing \"FuelModel\" */ ]\n  })\n\nFor more common dependency resolution issues, see: https://docs.nestjs.com/faq/common-errors\n    at TestingInjector.lookupComponentInParentModules (/home/jonathan/Documents/App/ACF_vf/node_modules/@nestjs/core/injector/injector.js:300:19)\n    at processTicksAndRejections (node:internal/process/task_queues:104:5)\n    at TestingInjector.resolveComponentWrapper (/home/jonathan/Documents/App/ACF_vf/node_modules/@nestjs/testing/testing-injector.js:19:45)\n    at resolveParam (/home/jonathan/Documents/App/ACF_vf/node_modules/@nestjs/core/injector/injector.js:150:38)\n    at async Promise.all (index 0)\n    at TestingInjector.resolveConstructorParams (/home/jonathan/Documents/App/ACF_vf/node_modules/@nestjs/core/injector/injector.js:179:27)\n    at TestingInjector.loadInstance (/home/jonathan/Documents/App/ACF_vf/node_modules/@nestjs/core/injector/injector.js:77:13)\n    at TestingInjector.loadProvider (/home/jonathan/Documents/App/ACF_vf/node_modules/@nestjs/core/injector/injector.js:111:9)\n    at /home/jonathan/Documents/App/ACF_vf/node_modules/@nestjs/core/injector/instance-loader.js:56:13\n    at async Promise.all (index 3)\n    at TestingInstanceLoader.createInstancesOfProviders (/home/jonathan/Documents/App/ACF_vf/node_modules/@nestjs/core/injector/instance-loader.js:55:9)\n    at /home/jonathan/Documents/App/ACF_vf/node_modules/@nestjs/core/injector/instance-loader.js:40:13\n    at async Promise.all (index 1)\n    at TestingInstanceLoader.createInstances (/home/jonathan/Documents/App/ACF_vf/node_modules/@nestjs/core/injector/instance-loader.js:39:9)\n    at TestingInstanceLoader.createInstancesOfDependencies (/home/jonathan/Documents/App/ACF_vf/node_modules/@nestjs/core/injector/instance-loader.js:22:13)\n    at TestingInstanceLoader.createInstancesOfDependencies (/home/jonathan/Documents/App/ACF_vf/node_modules/@nestjs/testing/testing-instance-loader.js:9:9)\n    at TestingModuleBuilder.createInstancesOfDependencies (/home/jonathan/Documents/App/ACF_vf/node_modules/@nestjs/testing/testing-module.builder.js:119:9)\n    at TestingModuleBuilder.compile (/home/jonathan/Documents/App/ACF_vf/node_modules/@nestjs/testing/testing-module.builder.js:74:9)\n    at Object.<anonymous> (/home/jonathan/Documents/App/ACF_vf/backend-nest/src/logbook/logbook.service.spec.ts:8:35)"],"fullName":"LogbookService should be defined","invocations":1,"location":null,"numPassingAsserts":0,"retryReasons":[],"startAt":1782822531636,"status":"failed","title":"should be defined"}],"endTime":1782822531655,"message":"  ● LogbookService › should be defined\n\n    Nest can't resolve dependencies of the LogbookService (?, IncidentModel, MouvementModel, UtilisateurModel, MaintenanceModel). Please make sure that the argument \"FuelModel\" at index [0] is available in the RootTestModule module.\n\n    Potential solutions:\n    - Is RootTestModule a valid NestJS module?\n    - If \"FuelModel\" is a provider, is it part of the current RootTestModule?\n    - If \"FuelModel\" is exported from a separate @Module, is that module imported within RootTestModule?\n      @Module({\n        imports: [ /* the Module containing \"FuelModel\" */ ]\n      })\n\n    For more common dependency resolution issues, see: https://docs.nestjs.com/faq/common-errors\n\n       6 |\n       7 |   beforeEach(async () => {\n    >  8 |     const module: TestingModule = await Test.createTestingModule({\n         |                                   ^\n       9 |       providers: [LogbookService],\n      10 |     }).compile();\n      11 |\n\n      at TestingInjector.lookupComponentInParentModules (../../node_modules/@nestjs/core/injector/injector.js:300:19)\n      at TestingInjector.resolveComponentWrapper (../../node_modules/@nestjs/testing/testing-injector.js:19:45)\n      at resolveParam (../../node_modules/@nestjs/core/injector/injector.js:150:38)\n          at async Promise.all (index 0)\n      at TestingInjector.resolveConstructorParams (../../node_modules/@nestjs/core/injector/injector.js:179:27)\n      at TestingInjector.loadInstance (../../node_modules/@nestjs/core/injector/injector.js:77:13)\n      at TestingInjector.loadProvider (../../node_modules/@nestjs/core/injector/injector.js:111:9)\n      at ../../node_modules/@nestjs/core/injector/instance-loader.js:56:13\n          at async Promise.all (index 3)\n      at TestingInstanceLoader.createInstancesOfProviders (../../node_modules/@nestjs/core/injector/instance-loader.js:55:9)\n      at ../../node_modules/@nestjs/core/injector/instance-loader.js:40:13\n          at async Promise.all (index 1)\n      at TestingInstanceLoader.createInstances (../../node_modules/@nestjs/core/injector/instance-loader.js:39:9)\n      at TestingInstanceLoader.createInstancesOfDependencies (../../node_modules/@nestjs/core/injector/instance-loader.js:22:13)\n      at TestingInstanceLoader.createInstancesOfDependencies (../../node_modules/@nestjs/testing/testing-instance-loader.js:9:9)\n      at TestingModuleBuilder.createInstancesOfDependencies (../../node_modules/@nestjs/testing/testing-module.builder.js:119:9)\n      at TestingModuleBuilder.compile (../../node_modules/@nestjs/testing/testing-module.builder.js:74:9)\n      at Object.<anonymous> (logbook/logbook.service.spec.ts:8:35)\n","name":"/home/jonathan/Documents/App/ACF_vf/backend-nest/src/logbook/logbook.service.spec.ts","startTime":1782822531177,"status":"failed","summary":""},{"assertionResults":[{"ancestorTitles":["ProjetsService"],"duration":6,"failing":false,"failureDetails":[{"type":"ProjetsService","context":{"index":0,"dependencies":["ProjetModel"],"name":"ProjetModel"},"metadata":{"id":"b600ce6425b7a2c96fada"},"moduleRef":{"id":"b220bc1c93b600ce6425b"}}],"failureMessages":["Error: Nest can't resolve dependencies of the ProjetsService (?). Please make sure that the argument \"ProjetModel\" at index [0] is available in the RootTestModule module.\n\nPotential solutions:\n- Is RootTestModule a valid NestJS module?\n- If \"ProjetModel\" is a provider, is it part of the current RootTestModule?\n- If \"ProjetModel\" is exported from a separate @Module, is that module imported within RootTestModule?\n  @Module({\n    imports: [ /* the Module containing \"ProjetModel\" */ ]\n  })\n\nFor more common dependency resolution issues, see: https://docs.nestjs.com/faq/common-errors\n    at TestingInjector.lookupComponentInParentModules (/home/jonathan/Documents/App/ACF_vf/node_modules/@nestjs/core/injector/injector.js:300:19)\n    at processTicksAndRejections (node:internal/process/task_queues:104:5)\n    at TestingInjector.resolveComponentWrapper (/home/jonathan/Documents/App/ACF_vf/node_modules/@nestjs/testing/testing-injector.js:19:45)\n    at resolveParam (/home/jonathan/Documents/App/ACF_vf/node_modules/@nestjs/core/injector/injector.js:150:38)\n    at async Promise.all (index 0)\n    at TestingInjector.resolveConstructorParams (/home/jonathan/Documents/App/ACF_vf/node_modules/@nestjs/core/injector/injector.js:179:27)\n    at TestingInjector.loadInstance (/home/jonathan/Documents/App/ACF_vf/node_modules/@nestjs/core/injector/injector.js:77:13)\n    at TestingInjector.loadProvider (/home/jonathan/Documents/App/ACF_vf/node_modules/@nestjs/core/injector/injector.js:111:9)\n    at /home/jonathan/Documents/App/ACF_vf/node_modules/@nestjs/core/injector/instance-loader.js:56:13\n    at async Promise.all (index 3)\n    at TestingInstanceLoader.createInstancesOfProviders (/home/jonathan/Documents/App/ACF_vf/node_modules/@nestjs/core/injector/instance-loader.js:55:9)\n    at /home/jonathan/Documents/App/ACF_vf/node_modules/@nestjs/core/injector/instance-loader.js:40:13\n    at async Promise.all (index 1)\n    at TestingInstanceLoader.createInstances (/home/jonathan/Documents/App/ACF_vf/node_modules/@nestjs/core/injector/instance-loader.js:39:9)\n    at TestingInstanceLoader.createInstancesOfDependencies (/home/jonathan/Documents/App/ACF_vf/node_modules/@nestjs/core/injector/instance-loader.js:22:13)\n    at TestingInstanceLoader.createInstancesOfDependencies (/home/jonathan/Documents/App/ACF_vf/node_modules/@nestjs/testing/testing-instance-loader.js:9:9)\n    at TestingModuleBuilder.createInstancesOfDependencies (/home/jonathan/Documents/App/ACF_vf/node_modules/@nestjs/testing/testing-module.builder.js:119:9)\n    at TestingModuleBuilder.compile (/home/jonathan/Documents/App/ACF_vf/node_modules/@nestjs/testing/testing-module.builder.js:74:9)\n    at Object.<anonymous> (/home/jonathan/Documents/App/ACF_vf/backend-nest/src/projets/projets.service.spec.ts:8:35)"],"fullName":"ProjetsService should be defined","invocations":1,"location":null,"numPassingAsserts":0,"retryReasons":[],"startAt":1782822531676,"status":"failed","title":"should be defined"}],"endTime":1782822531689,"message":"  ● ProjetsService › should be defined\n\n    Nest can't resolve dependencies of the ProjetsService (?). Please make sure that the argument \"ProjetModel\" at index [0] is available in the RootTestModule module.\n\n    Potential solutions:\n    - Is RootTestModule a valid NestJS module?\n    - If \"ProjetModel\" is a provider, is it part of the current RootTestModule?\n    - If \"ProjetModel\" is exported from a separate @Module, is that module imported within RootTestModule?\n      @Module({\n        imports: [ /* the Module containing \"ProjetModel\" */ ]\n      })\n\n    For more common dependency resolution issues, see: https://docs.nestjs.com/faq/common-errors\n\n       6 |\n       7 |   beforeEach(async () => {\n    >  8 |     const module: TestingModule = await Test.createTestingModule({\n         |                                   ^\n       9 |       providers: [ProjetsService],\n      10 |     }).compile();\n      11 |\n\n      at TestingInjector.lookupComponentInParentModules (../../node_modules/@nestjs/core/injector/injector.js:300:19)\n      at TestingInjector.resolveComponentWrapper (../../node_modules/@nestjs/testing/testing-injector.js:19:45)\n      at resolveParam (../../node_modules/@nestjs/core/injector/injector.js:150:38)\n          at async Promise.all (index 0)\n      at TestingInjector.resolveConstructorParams (../../node_modules/@nestjs/core/injector/injector.js:179:27)\n      at TestingInjector.loadInstance (../../node_modules/@nestjs/core/injector/injector.js:77:13)\n      at TestingInjector.loadProvider (../../node_modules/@nestjs/core/injector/injector.js:111:9)\n      at ../../node_modules/@nestjs/core/injector/instance-loader.js:56:13\n          at async Promise.all (index 3)\n      at TestingInstanceLoader.createInstancesOfProviders (../../node_modules/@nestjs/core/injector/instance-loader.js:55:9)\n      at ../../node_modules/@nestjs/core/injector/instance-loader.js:40:13\n          at async Promise.all (index 1)\n      at TestingInstanceLoader.createInstances (../../node_modules/@nestjs/core/injector/instance-loader.js:39:9)\n      at TestingInstanceLoader.createInstancesOfDependencies (../../node_modules/@nestjs/core/injector/instance-loader.js:22:13)\n      at TestingInstanceLoader.createInstancesOfDependencies (../../node_modules/@nestjs/testing/testing-instance-loader.js:9:9)\n      at TestingModuleBuilder.createInstancesOfDependencies (../../node_modules/@nestjs/testing/testing-module.builder.js:119:9)\n      at TestingModuleBuilder.compile (../../node_modules/@nestjs/testing/testing-module.builder.js:74:9)\n      at Object.<anonymous> (projets/projets.service.spec.ts:8:35)\n","name":"/home/jonathan/Documents/App/ACF_vf/backend-nest/src/projets/projets.service.spec.ts","startTime":1782822531240,"status":"failed","summary":""},{"assertionResults":[{"ancestorTitles":["EnvironmentController"],"duration":9,"failing":false,"failureDetails":[{"type":"EnvironmentController","context":{"index":0,"dependencies":[null]},"metadata":{"id":"62e7a379e4d7668247c61"},"moduleRef":{"id":"76082e7d2662e7a379e4d"}}],"failureMessages":["Error: Nest can't resolve dependencies of the EnvironmentController (?). Please make sure that the argument EnvironmentService at index [0] is available in the RootTestModule module.\n\nPotential solutions:\n- Is RootTestModule a valid NestJS module?\n- If EnvironmentService is a provider, is it part of the current RootTestModule?\n- If EnvironmentService is exported from a separate @Module, is that module imported within RootTestModule?\n  @Module({\n    imports: [ /* the Module containing EnvironmentService */ ]\n  })\n\nFor more common dependency resolution issues, see: https://docs.nestjs.com/faq/common-errors\n    at TestingInjector.lookupComponentInParentModules (/home/jonathan/Documents/App/ACF_vf/node_modules/@nestjs/core/injector/injector.js:300:19)\n    at processTicksAndRejections (node:internal/process/task_queues:104:5)\n    at TestingInjector.resolveComponentWrapper (/home/jonathan/Documents/App/ACF_vf/node_modules/@nestjs/testing/testing-injector.js:19:45)\n    at resolveParam (/home/jonathan/Documents/App/ACF_vf/node_modules/@nestjs/core/injector/injector.js:150:38)\n    at async Promise.all (index 0)\n    at TestingInjector.resolveConstructorParams (/home/jonathan/Documents/App/ACF_vf/node_modules/@nestjs/core/injector/injector.js:179:27)\n    at TestingInjector.loadInstance (/home/jonathan/Documents/App/ACF_vf/node_modules/@nestjs/core/injector/injector.js:77:13)\n    at TestingInjector.loadController (/home/jonathan/Documents/App/ACF_vf/node_modules/@nestjs/core/injector/injector.js:99:9)\n    at /home/jonathan/Documents/App/ACF_vf/node_modules/@nestjs/core/injector/instance-loader.js:68:13\n    at async Promise.all (index 0)\n    at TestingInstanceLoader.createInstancesOfControllers (/home/jonathan/Documents/App/ACF_vf/node_modules/@nestjs/core/injector/instance-loader.js:67:9)\n    at /home/jonathan/Documents/App/ACF_vf/node_modules/@nestjs/core/injector/instance-loader.js:42:13\n    at async Promise.all (index 1)\n    at TestingInstanceLoader.createInstances (/home/jonathan/Documents/App/ACF_vf/node_modules/@nestjs/core/injector/instance-loader.js:39:9)\n    at TestingInstanceLoader.createInstancesOfDependencies (/home/jonathan/Documents/App/ACF_vf/node_modules/@nestjs/core/injector/instance-loader.js:22:13)\n    at TestingInstanceLoader.createInstancesOfDependencies (/home/jonathan/Documents/App/ACF_vf/node_modules/@nestjs/testing/testing-instance-loader.js:9:9)\n    at TestingModuleBuilder.createInstancesOfDependencies (/home/jonathan/Documents/App/ACF_vf/node_modules/@nestjs/testing/testing-module.builder.js:119:9)\n    at TestingModuleBuilder.compile (/home/jonathan/Documents/App/ACF_vf/node_modules/@nestjs/testing/testing-module.builder.js:74:9)\n    at Object.<anonymous> (/home/jonathan/Documents/App/ACF_vf/backend-nest/src/environment/environment.controller.spec.ts:8:35)"],"fullName":"EnvironmentController should be defined","invocations":1,"location":null,"numPassingAsserts":0,"retryReasons":[],"startAt":1782822531767,"status":"failed","title":"should be defined"}],"endTime":1782822531782,"message":"  ● EnvironmentController › should be defined\n\n    Nest can't resolve dependencies of the EnvironmentController (?). Please make sure that the argument EnvironmentService at index [0] is available in the RootTestModule module.\n\n    Potential solutions:\n    - Is RootTestModule a valid NestJS module?\n    - If EnvironmentService is a provider, is it part of the current RootTestModule?\n    - If EnvironmentService is exported from a separate @Module, is that module imported within RootTestModule?\n      @Module({\n        imports: [ /* the Module containing EnvironmentService */ ]\n      })\n\n    For more common dependency resolution issues, see: https://docs.nestjs.com/faq/common-errors\n\n       6 |\n       7 |   beforeEach(async () => {\n    >  8 |     const module: TestingModule = await Test.createTestingModule({\n         |                                   ^\n       9 |       controllers: [EnvironmentController],\n      10 |     }).compile();\n      11 |\n\n      at TestingInjector.lookupComponentInParentModules (../../node_modules/@nestjs/core/injector/injector.js:300:19)\n      at TestingInjector.resolveComponentWrapper (../../node_modules/@nestjs/testing/testing-injector.js:19:45)\n      at resolveParam (../../node_modules/@nestjs/core/injector/injector.js:150:38)\n          at async Promise.all (index 0)\n      at TestingInjector.resolveConstructorParams (../../node_modules/@nestjs/core/injector/injector.js:179:27)\n      at TestingInjector.loadInstance (../../node_modules/@nestjs/core/injector/injector.js:77:13)\n      at TestingInjector.loadController (../../node_modules/@nestjs/core/injector/injector.js:99:9)\n      at ../../node_modules/@nestjs/core/injector/instance-loader.js:68:13\n          at async Promise.all (index 0)\n      at TestingInstanceLoader.createInstancesOfControllers (../../node_modules/@nestjs/core/injector/instance-loader.js:67:9)\n      at ../../node_modules/@nestjs/core/injector/instance-loader.js:42:13\n          at async Promise.all (index 1)\n      at TestingInstanceLoader.createInstances (../../node_modules/@nestjs/core/injector/instance-loader.js:39:9)\n      at TestingInstanceLoader.createInstancesOfDependencies (../../node_modules/@nestjs/core/injector/instance-loader.js:22:13)\n      at TestingInstanceLoader.createInstancesOfDependencies (../../node_modules/@nestjs/testing/testing-instance-loader.js:9:9)\n      at TestingModuleBuilder.createInstancesOfDependencies (../../node_modules/@nestjs/testing/testing-module.builder.js:119:9)\n      at TestingModuleBuilder.compile (../../node_modules/@nestjs/testing/testing-module.builder.js:74:9)\n      at Object.<anonymous> (environment/environment.controller.spec.ts:8:35)\n","name":"/home/jonathan/Documents/App/ACF_vf/backend-nest/src/environment/environment.controller.spec.ts","startTime":1782822531211,"status":"failed","summary":""},{"assertionResults":[{"ancestorTitles":["UsersService"],"duration":11,"failing":false,"failureDetails":[{"type":"UsersService","context":{"index":0,"dependencies":["UtilisateurModel"],"name":"UtilisateurModel"},"metadata":{"id":"41084e52bfa80d3b15f3e"},"moduleRef":{"id":"7fa585d67541084e52bfa"}}],"failureMessages":["Error: Nest can't resolve dependencies of the UsersService (?). Please make sure that the argument \"UtilisateurModel\" at index [0] is available in the RootTestModule module.\n\nPotential solutions:\n- Is RootTestModule a valid NestJS module?\n- If \"UtilisateurModel\" is a provider, is it part of the current RootTestModule?\n- If \"UtilisateurModel\" is exported from a separate @Module, is that module imported within RootTestModule?\n  @Module({\n    imports: [ /* the Module containing \"UtilisateurModel\" */ ]\n  })\n\nFor more common dependency resolution issues, see: https://docs.nestjs.com/faq/common-errors\n    at TestingInjector.lookupComponentInParentModules (/home/jonathan/Documents/App/ACF_vf/node_modules/@nestjs/core/injector/injector.js:300:19)\n    at processTicksAndRejections (node:internal/process/task_queues:104:5)\n    at TestingInjector.resolveComponentWrapper (/home/jonathan/Documents/App/ACF_vf/node_modules/@nestjs/testing/testing-injector.js:19:45)\n    at resolveParam (/home/jonathan/Documents/App/ACF_vf/node_modules/@nestjs/core/injector/injector.js:150:38)\n    at async Promise.all (index 0)\n    at TestingInjector.resolveConstructorParams (/home/jonathan/Documents/App/ACF_vf/node_modules/@nestjs/core/injector/injector.js:179:27)\n    at TestingInjector.loadInstance (/home/jonathan/Documents/App/ACF_vf/node_modules/@nestjs/core/injector/injector.js:77:13)\n    at TestingInjector.loadProvider (/home/jonathan/Documents/App/ACF_vf/node_modules/@nestjs/core/injector/injector.js:111:9)\n    at /home/jonathan/Documents/App/ACF_vf/node_modules/@nestjs/core/injector/instance-loader.js:56:13\n    at async Promise.all (index 3)\n    at TestingInstanceLoader.createInstancesOfProviders (/home/jonathan/Documents/App/ACF_vf/node_modules/@nestjs/core/injector/instance-loader.js:55:9)\n    at /home/jonathan/Documents/App/ACF_vf/node_modules/@nestjs/core/injector/instance-loader.js:40:13\n    at async Promise.all (index 1)\n    at TestingInstanceLoader.createInstances (/home/jonathan/Documents/App/ACF_vf/node_modules/@nestjs/core/injector/instance-loader.js:39:9)\n    at TestingInstanceLoader.createInstancesOfDependencies (/home/jonathan/Documents/App/ACF_vf/node_modules/@nestjs/core/injector/instance-loader.js:22:13)\n    at TestingInstanceLoader.createInstancesOfDependencies (/home/jonathan/Documents/App/ACF_vf/node_modules/@nestjs/testing/testing-instance-loader.js:9:9)\n    at TestingModuleBuilder.createInstancesOfDependencies (/home/jonathan/Documents/App/ACF_vf/node_modules/@nestjs/testing/testing-module.builder.js:119:9)\n    at TestingModuleBuilder.compile (/home/jonathan/Documents/App/ACF_vf/node_modules/@nestjs/testing/testing-module.builder.js:74:9)\n    at Object.<anonymous> (/home/jonathan/Documents/App/ACF_vf/backend-nest/src/users/users.service.spec.ts:8:35)"],"fullName":"UsersService should be defined","invocations":1,"location":null,"numPassingAsserts":0,"retryReasons":[],"startAt":1782822531957,"status":"failed","title":"should be defined"}],"endTime":1782822531980,"message":"  ● UsersService › should be defined\n\n    Nest can't resolve dependencies of the UsersService (?). Please make sure that the argument \"UtilisateurModel\" at index [0] is available in the RootTestModule module.\n\n    Potential solutions:\n    - Is RootTestModule a valid NestJS module?\n    - If \"UtilisateurModel\" is a provider, is it part of the current RootTestModule?\n    - If \"UtilisateurModel\" is exported from a separate @Module, is that module imported within RootTestModule?\n      @Module({\n        imports: [ /* the Module containing \"UtilisateurModel\" */ ]\n      })\n\n    For more common dependency resolution issues, see: https://docs.nestjs.com/faq/common-errors\n\n       6 |\n       7 |   beforeEach(async () => {\n    >  8 |     const module: TestingModule = await Test.createTestingModule({\n         |                                   ^\n       9 |       providers: [UsersService],\n      10 |     }).compile();\n      11 |\n\n      at TestingInjector.lookupComponentInParentModules (../../node_modules/@nestjs/core/injector/injector.js:300:19)\n      at TestingInjector.resolveComponentWrapper (../../node_modules/@nestjs/testing/testing-injector.js:19:45)\n      at resolveParam (../../node_modules/@nestjs/core/injector/injector.js:150:38)\n          at async Promise.all (index 0)\n      at TestingInjector.resolveConstructorParams (../../node_modules/@nestjs/core/injector/injector.js:179:27)\n      at TestingInjector.loadInstance (../../node_modules/@nestjs/core/injector/injector.js:77:13)\n      at TestingInjector.loadProvider (../../node_modules/@nestjs/core/injector/injector.js:111:9)\n      at ../../node_modules/@nestjs/core/injector/instance-loader.js:56:13\n          at async Promise.all (index 3)\n      at TestingInstanceLoader.createInstancesOfProviders (../../node_modules/@nestjs/core/injector/instance-loader.js:55:9)\n      at ../../node_modules/@nestjs/core/injector/instance-loader.js:40:13\n          at async Promise.all (index 1)\n      at TestingInstanceLoader.createInstances (../../node_modules/@nestjs/core/injector/instance-loader.js:39:9)\n      at TestingInstanceLoader.createInstancesOfDependencies (../../node_modules/@nestjs/core/injector/instance-loader.js:22:13)\n      at TestingInstanceLoader.createInstancesOfDependencies (../../node_modules/@nestjs/testing/testing-instance-loader.js:9:9)\n      at TestingModuleBuilder.createInstancesOfDependencies (../../node_modules/@nestjs/testing/testing-module.builder.js:119:9)\n      at TestingModuleBuilder.compile (../../node_modules/@nestjs/testing/testing-module.builder.js:74:9)\n      at Object.<anonymous> (users/users.service.spec.ts:8:35)\n","name":"/home/jonathan/Documents/App/ACF_vf/backend-nest/src/users/users.service.spec.ts","startTime":1782822531687,"status":"failed","summary":""},{"assertionResults":[{"ancestorTitles":["AuditLogsService"],"duration":13,"failing":false,"failureDetails":[{"type":"AuditLogsService","context":{"index":0,"dependencies":["AuditLogModel"],"name":"AuditLogModel"},"metadata":{"id":"7b4bd46a46bf94b10075c"},"moduleRef":{"id":"77a7786a7d7b4bd46a46b"}}],"failureMessages":["Error: Nest can't resolve dependencies of the AuditLogsService (?). Please make sure that the argument \"AuditLogModel\" at index [0] is available in the RootTestModule module.\n\nPotential solutions:\n- Is RootTestModule a valid NestJS module?\n- If \"AuditLogModel\" is a provider, is it part of the current RootTestModule?\n- If \"AuditLogModel\" is exported from a separate @Module, is that module imported within RootTestModule?\n  @Module({\n    imports: [ /* the Module containing \"AuditLogModel\" */ ]\n  })\n\nFor more common dependency resolution issues, see: https://docs.nestjs.com/faq/common-errors\n    at TestingInjector.lookupComponentInParentModules (/home/jonathan/Documents/App/ACF_vf/node_modules/@nestjs/core/injector/injector.js:300:19)\n    at processTicksAndRejections (node:internal/process/task_queues:104:5)\n    at TestingInjector.resolveComponentWrapper (/home/jonathan/Documents/App/ACF_vf/node_modules/@nestjs/testing/testing-injector.js:19:45)\n    at resolveParam (/home/jonathan/Documents/App/ACF_vf/node_modules/@nestjs/core/injector/injector.js:150:38)\n    at async Promise.all (index 0)\n    at TestingInjector.resolveConstructorParams (/home/jonathan/Documents/App/ACF_vf/node_modules/@nestjs/core/injector/injector.js:179:27)\n    at TestingInjector.loadInstance (/home/jonathan/Documents/App/ACF_vf/node_modules/@nestjs/core/injector/injector.js:77:13)\n    at TestingInjector.loadProvider (/home/jonathan/Documents/App/ACF_vf/node_modules/@nestjs/core/injector/injector.js:111:9)\n    at /home/jonathan/Documents/App/ACF_vf/node_modules/@nestjs/core/injector/instance-loader.js:56:13\n    at async Promise.all (index 3)\n    at TestingInstanceLoader.createInstancesOfProviders (/home/jonathan/Documents/App/ACF_vf/node_modules/@nestjs/core/injector/instance-loader.js:55:9)\n    at /home/jonathan/Documents/App/ACF_vf/node_modules/@nestjs/core/injector/instance-loader.js:40:13\n    at async Promise.all (index 1)\n    at TestingInstanceLoader.createInstances (/home/jonathan/Documents/App/ACF_vf/node_modules/@nestjs/core/injector/instance-loader.js:39:9)\n    at TestingInstanceLoader.createInstancesOfDependencies (/home/jonathan/Documents/App/ACF_vf/node_modules/@nestjs/core/injector/instance-loader.js:22:13)\n    at TestingInstanceLoader.createInstancesOfDependencies (/home/jonathan/Documents/App/ACF_vf/node_modules/@nestjs/testing/testing-instance-loader.js:9:9)\n    at TestingModuleBuilder.createInstancesOfDependencies (/home/jonathan/Documents/App/ACF_vf/node_modules/@nestjs/testing/testing-module.builder.js:119:9)\n    at TestingModuleBuilder.compile (/home/jonathan/Documents/App/ACF_vf/node_modules/@nestjs/testing/testing-module.builder.js:74:9)\n    at Object.<anonymous> (/home/jonathan/Documents/App/ACF_vf/backend-nest/src/audit-logs/audit-logs.service.spec.ts:8:35)"],"fullName":"AuditLogsService should be defined","invocations":1,"location":null,"numPassingAsserts":0,"retryReasons":[],"startAt":1782822531985,"status":"failed","title":"should be defined"}],"endTime":1782822532016,"message":"  ● AuditLogsService › should be defined\n\n    Nest can't resolve dependencies of the AuditLogsService (?). Please make sure that the argument \"AuditLogModel\" at index [0] is available in the RootTestModule module.\n\n    Potential solutions:\n    - Is RootTestModule a valid NestJS module?\n    - If \"AuditLogModel\" is a provider, is it part of the current RootTestModule?\n    - If \"AuditLogModel\" is exported from a separate @Module, is that module imported within RootTestModule?\n      @Module({\n        imports: [ /* the Module containing \"AuditLogModel\" */ ]\n      })\n\n    For more common dependency resolution issues, see: https://docs.nestjs.com/faq/common-errors\n\n       6 |\n       7 |   beforeEach(async () => {\n    >  8 |     const module: TestingModule = await Test.createTestingModule({\n         |                                   ^\n       9 |       providers: [AuditLogsService],\n      10 |     }).compile();\n      11 |\n\n      at TestingInjector.lookupComponentInParentModules (../../node_modules/@nestjs/core/injector/injector.js:300:19)\n      at TestingInjector.resolveComponentWrapper (../../node_modules/@nestjs/testing/testing-injector.js:19:45)\n      at resolveParam (../../node_modules/@nestjs/core/injector/injector.js:150:38)\n          at async Promise.all (index 0)\n      at TestingInjector.resolveConstructorParams (../../node_modules/@nestjs/core/injector/injector.js:179:27)\n      at TestingInjector.loadInstance (../../node_modules/@nestjs/core/injector/injector.js:77:13)\n      at TestingInjector.loadProvider (../../node_modules/@nestjs/core/injector/injector.js:111:9)\n      at ../../node_modules/@nestjs/core/injector/instance-loader.js:56:13\n          at async Promise.all (index 3)\n      at TestingInstanceLoader.createInstancesOfProviders (../../node_modules/@nestjs/core/injector/instance-loader.js:55:9)\n      at ../../node_modules/@nestjs/core/injector/instance-loader.js:40:13\n          at async Promise.all (index 1)\n      at TestingInstanceLoader.createInstances (../../node_modules/@nestjs/core/injector/instance-loader.js:39:9)\n      at TestingInstanceLoader.createInstancesOfDependencies (../../node_modules/@nestjs/core/injector/instance-loader.js:22:13)\n      at TestingInstanceLoader.createInstancesOfDependencies (../../node_modules/@nestjs/testing/testing-instance-loader.js:9:9)\n      at TestingModuleBuilder.createInstancesOfDependencies (../../node_modules/@nestjs/testing/testing-module.builder.js:119:9)\n      at TestingModuleBuilder.compile (../../node_modules/@nestjs/testing/testing-module.builder.js:74:9)\n      at Object.<anonymous> (audit-logs/audit-logs.service.spec.ts:8:35)\n","name":"/home/jonathan/Documents/App/ACF_vf/backend-nest/src/audit-logs/audit-logs.service.spec.ts","startTime":1782822531704,"status":"failed","summary":""},{"assertionResults":[{"ancestorTitles":["BasesService"],"duration":6,"failing":false,"failureDetails":[{"type":"BasesService","context":{"index":0,"dependencies":["BaseModel"],"name":"BaseModel"},"metadata":{"id":"628330d98331e62482d52"},"moduleRef":{"id":"71f8b25a8c628330d9833"}}],"failureMessages":["Error: Nest can't resolve dependencies of the BasesService (?). Please make sure that the argument \"BaseModel\" at index [0] is available in the RootTestModule module.\n\nPotential solutions:\n- Is RootTestModule a valid NestJS module?\n- If \"BaseModel\" is a provider, is it part of the current RootTestModule?\n- If \"BaseModel\" is exported from a separate @Module, is that module imported within RootTestModule?\n  @Module({\n    imports: [ /* the Module containing \"BaseModel\" */ ]\n  })\n\nFor more common dependency resolution issues, see: https://docs.nestjs.com/faq/common-errors\n    at TestingInjector.lookupComponentInParentModules (/home/jonathan/Documents/App/ACF_vf/node_modules/@nestjs/core/injector/injector.js:300:19)\n    at processTicksAndRejections (node:internal/process/task_queues:104:5)\n    at TestingInjector.resolveComponentWrapper (/home/jonathan/Documents/App/ACF_vf/node_modules/@nestjs/testing/testing-injector.js:19:45)\n    at resolveParam (/home/jonathan/Documents/App/ACF_vf/node_modules/@nestjs/core/injector/injector.js:150:38)\n    at async Promise.all (index 0)\n    at TestingInjector.resolveConstructorParams (/home/jonathan/Documents/App/ACF_vf/node_modules/@nestjs/core/injector/injector.js:179:27)\n    at TestingInjector.loadInstance (/home/jonathan/Documents/App/ACF_vf/node_modules/@nestjs/core/injector/injector.js:77:13)\n    at TestingInjector.loadProvider (/home/jonathan/Documents/App/ACF_vf/node_modules/@nestjs/core/injector/injector.js:111:9)\n    at /home/jonathan/Documents/App/ACF_vf/node_modules/@nestjs/core/injector/instance-loader.js:56:13\n    at async Promise.all (index 3)\n    at TestingInstanceLoader.createInstancesOfProviders (/home/jonathan/Documents/App/ACF_vf/node_modules/@nestjs/core/injector/instance-loader.js:55:9)\n    at /home/jonathan/Documents/App/ACF_vf/node_modules/@nestjs/core/injector/instance-loader.js:40:13\n    at async Promise.all (index 1)\n    at TestingInstanceLoader.createInstances (/home/jonathan/Documents/App/ACF_vf/node_modules/@nestjs/core/injector/instance-loader.js:39:9)\n    at TestingInstanceLoader.createInstancesOfDependencies (/home/jonathan/Documents/App/ACF_vf/node_modules/@nestjs/core/injector/instance-loader.js:22:13)\n    at TestingInstanceLoader.createInstancesOfDependencies (/home/jonathan/Documents/App/ACF_vf/node_modules/@nestjs/testing/testing-instance-loader.js:9:9)\n    at TestingModuleBuilder.createInstancesOfDependencies (/home/jonathan/Documents/App/ACF_vf/node_modules/@nestjs/testing/testing-module.builder.js:119:9)\n    at TestingModuleBuilder.compile (/home/jonathan/Documents/App/ACF_vf/node_modules/@nestjs/testing/testing-module.builder.js:74:9)\n    at Object.<anonymous> (/home/jonathan/Documents/App/ACF_vf/backend-nest/src/bases/bases.service.spec.ts:8:35)"],"fullName":"BasesService should be defined","invocations":1,"location":null,"numPassingAsserts":0,"retryReasons":[],"startAt":1782822532238,"status":"failed","title":"should be defined"}],"endTime":1782822532259,"message":"  ● BasesService › should be defined\n\n    Nest can't resolve dependencies of the BasesService (?). Please make sure that the argument \"BaseModel\" at index [0] is available in the RootTestModule module.\n\n    Potential solutions:\n    - Is RootTestModule a valid NestJS module?\n    - If \"BaseModel\" is a provider, is it part of the current RootTestModule?\n    - If \"BaseModel\" is exported from a separate @Module, is that module imported within RootTestModule?\n      @Module({\n        imports: [ /* the Module containing \"BaseModel\" */ ]\n      })\n\n    For more common dependency resolution issues, see: https://docs.nestjs.com/faq/common-errors\n\n       6 |\n       7 |   beforeEach(async () => {\n    >  8 |     const module: TestingModule = await Test.createTestingModule({\n         |                                   ^\n       9 |       providers: [BasesService],\n      10 |     }).comp
[...]
er if not admin or superviseur"},{"ancestorTitles":["VehiclesController","findOne"],"duration":4,"failing":false,"failureDetails":[],"failureMessages":[],"fullName":"VehiclesController findOne should return a single vehicle","invocations":1,"location":null,"numPassingAsserts":2,"retryReasons":[],"startAt":1782822534613,"status":"passed","title":"should return a single vehicle"},{"ancestorTitles":["VehiclesController","create"],"duration":4,"failing":false,"failureDetails":[],"failureMessages":[],"fullName":"VehiclesController create should create a vehicle and log action","invocations":1,"location":null,"numPassingAsserts":3,"retryReasons":[],"startAt":1782822534617,"status":"passed","title":"should create a vehicle and log action"},{"ancestorTitles":["VehiclesController","update"],"duration":4,"failing":false,"failureDetails":[],"failureMessages":[],"fullName":"VehiclesController update should update a vehicle and log action","invocations":1,"location":null,"numPassingAsserts":3,"retryReasons":[],"startAt":1782822534621,"status":"passed","title":"should update a vehicle and log action"},{"ancestorTitles":["VehiclesController","delete"],"duration":3,"failing":false,"failureDetails":[],"failureMessages":[],"fullName":"VehiclesController delete should delete a vehicle and log action","invocations":1,"location":null,"numPassingAsserts":3,"retryReasons":[],"startAt":1782822534625,"status":"passed","title":"should delete a vehicle and log action"}],"endTime":1782822534629,"message":"","name":"/home/jonathan/Documents/App/ACF_vf/backend-nest/src/vehicles/vehicles.controller.spec.ts","startTime":1782822534083,"status":"passed","summary":""},{"assertionResults":[{"ancestorTitles":["LieuxController"],"duration":10,"failing":false,"failureDetails":[],"failureMessages":[],"fullName":"LieuxController should be defined","invocations":1,"location":null,"numPassingAsserts":1,"retryReasons":[],"startAt":1782822534611,"status":"passed","title":"should be defined"},{"ancestorTitles":["LieuxController","findAll"],"duration":3,"failing":false,"failureDetails":[],"failureMessages":[],"fullName":"LieuxController findAll should return a list of lieux","invocations":1,"location":null,"numPassingAsserts":2,"retryReasons":[],"startAt":1782822534622,"status":"passed","title":"should return a list of lieux"},{"ancestorTitles":["LieuxController","findOne"],"duration":4,"failing":false,"failureDetails":[],"failureMessages":[],"fullName":"LieuxController findOne should return a single lieu","invocations":1,"location":null,"numPassingAsserts":2,"retryReasons":[],"startAt":1782822534625,"status":"passed","title":"should return a single lieu"},{"ancestorTitles":["LieuxController","create"],"duration":4,"failing":false,"failureDetails":[],"failureMessages":[],"fullName":"LieuxController create should create a lieu and log action","invocations":1,"location":null,"numPassingAsserts":3,"retryReasons":[],"startAt":1782822534629,"status":"passed","title":"should create a lieu and log action"},{"ancestorTitles":["LieuxController","update"],"duration":5,"failing":false,"failureDetails":[],"failureMessages":[],"fullName":"LieuxController update should update a lieu and log action","invocations":1,"location":null,"numPassingAsserts":3,"retryReasons":[],"startAt":1782822534633,"status":"passed","title":"should update a lieu and log action"},{"ancestorTitles":["LieuxController","delete"],"duration":4,"failing":false,"failureDetails":[],"failureMessages":[],"fullName":"LieuxController delete should delete a lieu and log action","invocations":1,"location":null,"numPassingAsserts":3,"retryReasons":[],"startAt":1782822534638,"status":"passed","title":"should delete a lieu and log action"}],"endTime":1782822534643,"message":"","name":"/home/jonathan/Documents/App/ACF_vf/backend-nest/src/lieux/lieux.controller.spec.ts","startTime":1782822534164,"status":"passed","summary":""},{"assertionResults":[{"ancestorTitles":["AuthController"],"duration":8,"failing":false,"failureDetails":[],"failureMessages":[],"fullName":"AuthController should be defined","invocations":1,"location":null,"numPassingAsserts":1,"retryReasons":[],"startAt":1782822534849,"status":"passed","title":"should be defined"},{"ancestorTitles":["AuthController","login"],"duration":4,"failing":false,"failureDetails":[],"failureMessages":[],"fullName":"AuthController login should validate user and return token","invocations":1,"location":null,"numPassingAsserts":4,"retryReasons":[],"startAt":1782822534857,"status":"passed","title":"should validate user and return token"},{"ancestorTitles":["AuthController","register"],"duration":3,"failing":false,"failureDetails":[],"failureMessages":[],"fullName":"AuthController register should register a new user","invocations":1,"location":null,"numPassingAsserts":2,"retryReasons":[],"startAt":1782822534861,"status":"passed","title":"should register a new user"}],"endTime":1782822534864,"message":"","name":"/home/jonathan/Documents/App/ACF_vf/backend-nest/src/auth/auth.controller.spec.ts","startTime":1782822534564,"status":"passed","summary":""},{"assertionResults":[{"ancestorTitles":["GenerateursController"],"duration":9,"failing":false,"failureDetails":[],"failureMessages":[],"fullName":"GenerateursController should be defined","invocations":1,"location":null,"numPassingAsserts":1,"retryReasons":[],"startAt":1782822534982,"status":"passed","title":"should be defined"},{"ancestorTitles":["GenerateursController","findAll"],"duration":4,"failing":false,"failureDetails":[],"failureMessages":[],"fullName":"GenerateursController findAll should return a list of generateurs","invocations":1,"location":null,"numPassingAsserts":2,"retryReasons":[],"startAt":1782822534991,"status":"passed","title":"should return a list of generateurs"},{"ancestorTitles":["GenerateursController","getMaintenanceOverview"],"duration":3,"failing":false,"failureDetails":[],"failureMessages":[],"fullName":"GenerateursController getMaintenanceOverview should return maintenance overview","invocations":1,"location":null,"numPassingAsserts":2,"retryReasons":[],"startAt":1782822534995,"status":"passed","title":"should return maintenance overview"},{"ancestorTitles":["GenerateursController","findOne"],"duration":3,"failing":false,"failureDetails":[],"failureMessages":[],"fullName":"GenerateursController findOne should return a single generateur","invocations":1,"location":null,"numPassingAsserts":2,"retryReasons":[],"startAt":1782822534998,"status":"passed","title":"should return a single generateur"},{"ancestorTitles":["GenerateursController","create"],"duration":4,"failing":false,"failureDetails":[],"failureMessages":[],"fullName":"GenerateursController create should create a generateur","invocations":1,"location":null,"numPassingAsserts":2,"retryReasons":[],"startAt":1782822535001,"status":"passed","title":"should create a generateur"},{"ancestorTitles":["GenerateursController","update"],"duration":3,"failing":false,"failureDetails":[],"failureMessages":[],"fullName":"GenerateursController update should update a generateur","invocations":1,"location":null,"numPassingAsserts":2,"retryReasons":[],"startAt":1782822535005,"status":"passed","title":"should update a generateur"},{"ancestorTitles":["GenerateursController","delete"],"duration":4,"failing":false,"failureDetails":[],"failureMessages":[],"fullName":"GenerateursController delete should delete a generateur","invocations":1,"location":null,"numPassingAsserts":2,"retryReasons":[],"startAt":1782822535008,"status":"passed","title":"should delete a generateur"},{"ancestorTitles":["GenerateursController","getLogbooks"],"duration":3,"failing":false,"failureDetails":[],"failureMessages":[],"fullName":"GenerateursController getLogbooks should return logbooks for a generateur","invocations":1,"location":null,"numPassingAsserts":2,"retryReasons":[],"startAt":1782822535012,"status":"passed","title":"should return logbooks for a generateur"},{"ancestorTitles":["GenerateursController","addLogbookEntry"],"duration":5,"failing":false,"failureDetails":[],"failureMessages":[],"fullName":"GenerateursController addLogbookEntry should add a logbook entry","invocations":1,"location":null,"numPassingAsserts":2,"retryReasons":[],"startAt":1782822535015,"status":"passed","title":"should add a logbook entry"}],"endTime":1782822535022,"message":"","name":"/home/jonathan/Documents/App/ACF_vf/backend-nest/src/generateurs/generateurs.controller.spec.ts","startTime":1782822534640,"status":"passed","summary":""},{"assertionResults":[{"ancestorTitles":["ProjetsController"],"duration":8,"failing":false,"failureDetails":[],"failureMessages":[],"fullName":"ProjetsController should be defined","invocations":1,"location":null,"numPassingAsserts":1,"retryReasons":[],"startAt":1782822535001,"status":"passed","title":"should be defined"},{"ancestorTitles":["ProjetsController","findAll"],"duration":5,"failing":false,"failureDetails":[],"failureMessages":[],"fullName":"ProjetsController findAll should return a list of actifs projets and apply country filter for Admin","invocations":1,"location":null,"numPassingAsserts":2,"retryReasons":[],"startAt":1782822535009,"status":"passed","title":"should return a list of actifs projets and apply country filter for Admin"},{"ancestorTitles":["ProjetsController","findAll"],"duration":3,"failing":false,"failureDetails":[],"failureMessages":[],"fullName":"ProjetsController findAll should include inactifs if requested and not filter country if not Admin","invocations":1,"location":null,"numPassingAsserts":2,"retryReasons":[],"startAt":1782822535014,"status":"passed","title":"should include inactifs if requested and not filter country if not Admin"},{"ancestorTitles":["ProjetsController","findOne"],"duration":3,"failing":false,"failureDetails":[],"failureMessages":[],"fullName":"ProjetsController findOne should return a single projet","invocations":1,"location":null,"numPassingAsserts":2,"retryReasons":[],"startAt":1782822535018,"status":"passed","title":"should return a single projet"},{"ancestorTitles":["ProjetsController","create"],"duration":4,"failing":false,"failureDetails":[],"failureMessages":[],"fullName":"ProjetsController create should create a projet and log action","invocations":1,"location":null,"numPassingAsserts":3,"retryReasons":[],"startAt":1782822535021,"status":"passed","title":"should create a projet and log action"},{"ancestorTitles":["ProjetsController","update"],"duration":4,"failing":false,"failureDetails":[],"failureMessages":[],"fullName":"ProjetsController update should update a projet and log action","invocations":1,"location":null,"numPassingAsserts":3,"retryReasons":[],"startAt":1782822535025,"status":"passed","title":"should update a projet and log action"},{"ancestorTitles":["ProjetsController","delete"],"duration":3,"failing":false,"failureDetails":[],"failureMessages":[],"fullName":"ProjetsController delete should delete a projet and log action","invocations":1,"location":null,"numPassingAsserts":3,"retryReasons":[],"startAt":1782822535030,"status":"passed","title":"should delete a projet and log action"}],"endTime":1782822535034,"message":"","name":"/home/jonathan/Documents/App/ACF_vf/backend-nest/src/projets/projets.controller.spec.ts","startTime":1782822534653,"status":"passed","summary":""},{"assertionResults":[{"ancestorTitles":["ServiceScheduleService"],"duration":17,"failing":false,"failureDetails":[],"failureMessages":[],"fullName":"ServiceScheduleService should be defined","invocations":1,"location":null,"numPassingAsserts":1,"retryReasons":[],"startAt":1782822535171,"status":"passed","title":"should be defined"}],"endTime":1782822535188,"message":"","name":"/home/jonathan/Documents/App/ACF_vf/backend-nest/src/service-schedule/service-schedule.service.spec.ts","startTime":1782822535031,"status":"passed","summary":""},{"assertionResults":[{"ancestorTitles":["ServiceScheduleController"],"duration":7,"failing":false,"failureDetails":[],"failureMessages":[],"fullName":"ServiceScheduleController should be defined","invocations":1,"location":null,"numPassingAsserts":1,"retryReasons":[],"startAt":1782822535252,"status":"passed","title":"should be defined"}],"endTime":1782822535260,"message":"","name":"/home/jonathan/Documents/App/ACF_vf/backend-nest/src/service-schedule/service-schedule.controller.spec.ts","startTime":1782822535043,"status":"passed","summary":""},{"assertionResults":[{"ancestorTitles":["BasesController"],"duration":15,"failing":false,"failureDetails":[],"failureMessages":[],"fullName":"BasesController should be defined","invocations":1,"location":null,"numPassingAsserts":1,"retryReasons":[],"startAt":1782822535468,"status":"passed","title":"should be defined"},{"ancestorTitles":["BasesController","findAll"],"duration":4,"failing":false,"failureDetails":[],"failureMessages":[],"fullName":"BasesController findAll should return a list of bases and apply country filter for Admin","invocations":1,"location":null,"numPassingAsserts":2,"retryReasons":[],"startAt":1782822535484,"status":"passed","title":"should return a list of bases and apply country filter for Admin"},{"ancestorTitles":["BasesController","findAll"],"duration":3,"failing":false,"failureDetails":[],"failureMessages":[],"fullName":"BasesController findAll should return a list of bases and use query pays if not Admin","invocations":1,"location":null,"numPassingAsserts":2,"retryReasons":[],"startAt":1782822535488,"status":"passed","title":"should return a list of bases and use query pays if not Admin"},{"ancestorTitles":["BasesController","create"],"duration":3,"failing":false,"failureDetails":[],"failureMessages":[],"fullName":"BasesController create should create a base and log action","invocations":1,"location":null,"numPassingAsserts":3,"retryReasons":[],"startAt":1782822535492,"status":"passed","title":"should create a base and log action"},{"ancestorTitles":["BasesController","update"],"duration":4,"failing":false,"failureDetails":[],"failureMessages":[],"fullName":"BasesController update should update a base and log action","invocations":1,"location":null,"numPassingAsserts":3,"retryReasons":[],"startAt":1782822535495,"status":"passed","title":"should update a base and log action"},{"ancestorTitles":["BasesController","delete"],"duration":3,"failing":false,"failureDetails":[],"failureMessages":[],"fullName":"BasesController delete should delete a base and log action","invocations":1,"location":null,"numPassingAsserts":3,"retryReasons":[],"startAt":1782822535499,"status":"passed","title":"should delete a base and log action"}],"endTime":1782822535503,"message":"","name":"/home/jonathan/Documents/App/ACF_vf/backend-nest/src/bases/bases.controller.spec.ts","startTime":1782822534875,"status":"passed","summary":""},{"assertionResults":[{"ancestorTitles":["FuelController"],"duration":16,"failing":false,"failureDetails":[],"failureMessages":[],"fullName":"FuelController should be defined","invocations":1,"location":null,"numPassingAsserts":1,"retryReasons":[],"startAt":1782822535501,"status":"passed","title":"should be defined"}],"endTime":1782822535521,"message":"","name":"/home/jonathan/Documents/App/ACF_vf/backend-nest/src/fuel/fuel.controller.spec.ts","startTime":1782822535215,"status":"passed","summary":""},{"assertionResults":[{"ancestorTitles":["ChecklistTemplatesController"],"duration":13,"failing":false,"failureDetails":[],"failureMessages":[],"fullName":"ChecklistTemplatesController should be defined","invocations":1,"location":null,"numPassingAsserts":1,"retryReasons":[],"startAt":1782822535541,"status":"passed","title":"should be defined"}],"endTime":1782822535555,"message":"","name":"/home/jonathan/Documents/App/ACF_vf/backend-nest/src/checklist-templates/checklist-templates.controller.spec.ts","startTime":1782822535276,"status":"passed","summary":""},{"assertionResults":[{"ancestorTitles":["UtilsService"],"duration":7,"failing":false,"failureDetails":[],"failureMessages":[],"fullName":"UtilsService should be defined","invocations":1,"location":null,"numPassingAsserts":1,"retryReasons":[],"startAt":1782822535697,"status":"passed","title":"should be defined"}],"endTime":1782822535704,"message":"","name":"/home/jonathan/Documents/App/ACF_vf/backend-nest/src/utils/utils.service.spec.ts","startTime":1782822535518,"status":"passed","summary":""},{"assertionResults":[{"ancestorTitles":["ChecklistTemplatesService"],"duration":9,"failing":false,"failureDetails":[],"failureMessages":[],"fullName":"ChecklistTemplatesService should be defined","invocations":1,"location":null,"numPassingAsserts":1,"retryReasons":[],"startAt":1782822535717,"status":"passed","title":"should be defined"}],"endTime":1782822535727,"message":"","name":"/home/jonathan/Documents/App/ACF_vf/backend-nest/src/checklist-templates/checklist-templates.service.spec.ts","startTime":1782822535572,"status":"passed","summary":""},{"assertionResults":[{"ancestorTitles":["ChauffeursService"],"duration":7,"failing":false,"failureDetails":[],"failureMessages":[],"fullName":"ChauffeursService should be defined","invocations":1,"location":null,"numPassingAsserts":1,"retryReasons":[],"startAt":1782822535746,"status":"passed","title":"should be defined"}],"endTime":1782822535754,"message":"","name":"/home/jonathan/Documents/App/ACF_vf/backend-nest/src/chauffeurs/chauffeurs.service.spec.ts","startTime":1782822535608,"status":"passed","summary":""},{"assertionResults":[{"ancestorTitles":["AppController","root"],"duration":10,"failing":false,"failureDetails":[],"failureMessages":[],"fullName":"AppController root should return \"Hello World!\"","invocations":1,"location":null,"numPassingAsserts":1,"retryReasons":[],"startAt":1782822535894,"status":"passed","title":"should return \"Hello World!\""}],"endTime":1782822535906,"message":"","name":"/home/jonathan/Documents/App/ACF_vf/backend-nest/src/app.controller.spec.ts","startTime":1782822535712,"status":"passed","summary":""},{"assertionResults":[{"ancestorTitles":["FuelService"],"duration":25,"failing":false,"failureDetails":[],"failureMessages":[],"fullName":"FuelService should be defined","invocations":1,"location":null,"numPassingAsserts":1,"retryReasons":[],"startAt":1782822535905,"status":"passed","title":"should be defined"}],"endTime":1782822535931,"message":"","name":"/home/jonathan/Documents/App/ACF_vf/backend-nest/src/fuel/fuel.service.spec.ts","startTime":1782822535742,"status":"passed","summary":""},{"assertionResults":[{"ancestorTitles":["UtilsController"],"duration":13,"failing":false,"failureDetails":[],"failureMessages":[],"fullName":"UtilsController should be defined","invocations":1,"location":null,"numPassingAsserts":1,"retryReasons":[],"startAt":1782822535930,"status":"passed","title":"should be defined"}],"endTime":1782822535944,"message":"","name":"/home/jonathan/Documents/App/ACF_vf/backend-nest/src/utils/utils.controller.spec.ts","startTime":1782822535766,"status":"passed","summary":""},{"assertionResults":[{"ancestorTitles":["SettingsController"],"duration":4,"failing":false,"failureDetails":[],"failureMessages":[],"fullName":"SettingsController should be defined","invocations":1,"location":null,"numPassingAsserts":1,"retryReasons":[],"startAt":1782822536055,"status":"passed","title":"should be defined"}],"endTime":1782822536060,"message":"","name":"/home/jonathan/Documents/App/ACF_vf/backend-nest/src/settings/settings.controller.spec.ts","startTime":1782822535948,"status":"passed","summary":""},{"assertionResults":[{"ancestorTitles":["RolesController"],"duration":6,"failing":false,"failureDetails":[],"failureMessages":[],"fullName":"RolesController should be defined","invocations":1,"location":null,"numPassingAsserts":1,"retryReasons":[],"startAt":1782822536082,"status":"passed","title":"should be defined"}],"endTime":1782822536089,"message":"","name":"/home/jonathan/Documents/App/ACF_vf/backend-nest/src/roles/roles.controller.spec.ts","startTime":1782822535951,"status":"passed","summary":""}],"wasInterrupted":false}
